{"uid":"ae8a95f9d8224f31","name":"Создание двух простых моделей с одинаковыми именами, проверка и удаление","fullName":"Test_Cases.test_model.TestModel#test_model2","historyId":"922ff6b4c29c587b1078754ad59f1c7a","time":{"start":1690985078938,"stop":1690985094359,"duration":15421},"description":"Проверка работоспособности раздела 'Модели'","descriptionHtml":"<p>Проверка работоспособности раздела 'Модели'</p>\n","status":"broken","statusMessage":"selenium.common.exceptions.TimeoutException: Message: \nStacktrace:\n#0 0x563e81ead783 <unknown>\n#1 0x563e81bd9917 <unknown>\n#2 0x563e81c1831b <unknown>\n#3 0x563e81c18411 <unknown>\n#4 0x563e81c53674 <unknown>\n#5 0x563e81c38e2d <unknown>\n#6 0x563e81c510d9 <unknown>\n#7 0x563e81c38bd3 <unknown>\n#8 0x563e81c0ca7b <unknown>\n#9 0x563e81c0d81e <unknown>\n#10 0x563e81e6ee98 <unknown>\n#11 0x563e81e72d67 <unknown>\n#12 0x563e81e7d32c <unknown>\n#13 0x563e81e73993 <unknown>\n#14 0x563e81e42827 <unknown>\n#15 0x563e81e978a8 <unknown>\n#16 0x563e81e97a36 <unknown>\n#17 0x563e81ea65f3 <unknown>\n#18 0x7f31d0a67b43 <unknown>","statusTrace":"self = <Test_Cases.test_model.TestModel object at 0x7fd85c8c6200>\nget_webdriver = <selenium.webdriver.chrome.webdriver.WebDriver (session=\"54f65b1bc6d0511b4ade609cce5e3cf5\")>\n\n    @allure.description(\"Проверка работоспособности раздела 'Модели'\")\n    @allure.title(\"Создание двух простых моделей с одинаковыми именами, проверка и удаление\")\n    def test_model2(self, get_webdriver):\n        print('Simple model name validation test launched...')\n        self.driver = get_webdriver\n        name = 'AutoTest_Model'\n        description = 'Тестовая модель'\n        wait = WebDriverWait(self.driver, 15, 0.5)\n    \n>       wait.until(ec.presence_of_element_located((By.XPATH, '/html/body/app-root/app-admin-layout/div/main/app-models'\n                                                             '-page/header-layout/div/div[2]/aside-layout/div['\n                                                             '1]/lta-empty-panel/app-tree')))\n\nTest_Cases/test_model.py:231: \n_ _ _ _ _ _ _ _ _ _ _ _ _ _ _ _ _ _ _ _ _ _ _ _ _ _ _ _ _ _ _ _ _ _ _ _ _ _ _ _ \n\nself = <selenium.webdriver.support.wait.WebDriverWait (session=\"54f65b1bc6d0511b4ade609cce5e3cf5\")>\nmethod = <function presence_of_element_located.<locals>._predicate at 0x7fd85c515ea0>\nmessage = ''\n\n    def until(self, method, message: str = \"\"):\n        \"\"\"Calls the method provided with the driver as an argument until the \\\n        return value does not evaluate to ``False``.\n    \n        :param method: callable(WebDriver)\n        :param message: optional message for :exc:`TimeoutException`\n        :returns: the result of the last call to `method`\n        :raises: :exc:`selenium.common.exceptions.TimeoutException` if timeout occurs\n        \"\"\"\n        screen = None\n        stacktrace = None\n    \n        end_time = time.monotonic() + self._timeout\n        while True:\n            try:\n                value = method(self._driver)\n                if value:\n                    return value\n            except self._ignored_exceptions as exc:\n                screen = getattr(exc, \"screen\", None)\n                stacktrace = getattr(exc, \"stacktrace\", None)\n            time.sleep(self._poll)\n            if time.monotonic() > end_time:\n                break\n>       raise TimeoutException(message, screen, stacktrace)\nE       selenium.common.exceptions.TimeoutException: Message: \nE       Stacktrace:\nE       #0 0x563e81ead783 <unknown>\nE       #1 0x563e81bd9917 <unknown>\nE       #2 0x563e81c1831b <unknown>\nE       #3 0x563e81c18411 <unknown>\nE       #4 0x563e81c53674 <unknown>\nE       #5 0x563e81c38e2d <unknown>\nE       #6 0x563e81c510d9 <unknown>\nE       #7 0x563e81c38bd3 <unknown>\nE       #8 0x563e81c0ca7b <unknown>\nE       #9 0x563e81c0d81e <unknown>\nE       #10 0x563e81e6ee98 <unknown>\nE       #11 0x563e81e72d67 <unknown>\nE       #12 0x563e81e7d32c <unknown>\nE       #13 0x563e81e73993 <unknown>\nE       #14 0x563e81e42827 <unknown>\nE       #15 0x563e81e978a8 <unknown>\nE       #16 0x563e81e97a36 <unknown>\nE       #17 0x563e81ea65f3 <unknown>\nE       #18 0x7f31d0a67b43 <unknown>\n\n/opt/hostedtoolcache/Python/3.10.10/x64/lib/python3.10/site-packages/selenium/webdriver/support/wait.py:95: TimeoutException","flaky":false,"newFailed":false,"newBroken":false,"newPassed":false,"retriesCount":0,"retriesStatusChange":false,"beforeStages":[{"name":"get_chrome_options","time":{"start":1690985047405,"stop":1690985047406,"duration":1},"status":"passed","steps":[],"attachments":[],"parameters":[],"stepsCount":0,"attachmentsCount":0,"shouldDisplayMessage":false,"hasContent":false},{"name":"get_webdriver","time":{"start":1690985047406,"stop":1690985048789,"duration":1383},"status":"passed","steps":[],"attachments":[],"parameters":[],"stepsCount":0,"attachmentsCount":0,"shouldDisplayMessage":false,"hasContent":false}],"afterStages":[],"labels":[{"name":"parentSuite","value":"Test_Cases"},{"name":"suite","value":"test_model"},{"name":"subSuite","value":"TestModel"},{"name":"host","value":"fv-az344-702"},{"name":"thread","value":"2381-MainThread"},{"name":"framework","value":"pytest"},{"name":"language","value":"cpython3"},{"name":"package","value":"Test_Cases.test_model"},{"name":"resultFormat","value":"allure2"}],"parameters":[],"links":[],"hidden":false,"retry":false,"extra":{"severity":"normal","retries":[],"categories":[{"name":"Test defects","matchedStatuses":[],"flaky":false}],"history":{"statistic":{"failed":0,"broken":7,"skipped":0,"passed":6,"unknown":0,"total":13},"items":[{"uid":"a13c8296e28b9fa1","reportUrl":"https://MaximKrivenko.github.io/LTA_TESTS/38//#testresult/a13c8296e28b9fa1","status":"broken","statusDetails":"ValueError: There is no such driver by url https://chromedriver.storage.googleapis.com/115.0.5790/chromedriver_linux64.zip","time":{"start":1690975072430,"stop":1690975072430,"duration":0}},{"uid":"aa289902f1a5855e","reportUrl":"https://MaximKrivenko.github.io/LTA_TESTS/37//#testresult/aa289902f1a5855e","status":"broken","statusDetails":"selenium.common.exceptions.WebDriverException: Message: unknown error: Chrome failed to start: exited abnormally.\n  (unknown error: DevToolsActivePort file doesn't exist)\n  (The process started from chrome location /usr/bin/google-chrome is no longer running, so ChromeDriver is assuming that Chrome has crashed.)\nStacktrace:\n#0 0x55b34f07c783 <unknown>\n#1 0x55b34eda8917 <unknown>\n#2 0x55b34edd3978 <unknown>\n#3 0x55b34edd09c9 <unknown>\n#4 0x55b34ee10a13 <unknown>\n#5 0x55b34ee1015f <unknown>\n#6 0x55b34ee07bd3 <unknown>\n#7 0x55b34eddba7b <unknown>\n#8 0x55b34eddc81e <unknown>\n#9 0x55b34f03de98 <unknown>\n#10 0x55b34f041d67 <unknown>\n#11 0x55b34f04c32c <unknown>\n#12 0x55b34f042993 <unknown>\n#13 0x55b34f011827 <unknown>\n#14 0x55b34f0668a8 <unknown>\n#15 0x55b34f066a36 <unknown>\n#16 0x55b34f0755f3 <unknown>\n#17 0x7f282c34ab43 <unknown>","time":{"start":1690974900365,"stop":1690974900365,"duration":0}},{"uid":"aebd1a6702c58040","reportUrl":"https://MaximKrivenko.github.io/LTA_TESTS/36//#testresult/aebd1a6702c58040","status":"broken","statusDetails":"selenium.common.exceptions.TimeoutException: Message: \nStacktrace:\n#0 0x5618697cd783 <unknown>\n#1 0x5618694f9917 <unknown>\n#2 0x56186953831b <unknown>\n#3 0x561869538411 <unknown>\n#4 0x561869573674 <unknown>\n#5 0x561869558e2d <unknown>\n#6 0x5618695710d9 <unknown>\n#7 0x561869558bd3 <unknown>\n#8 0x56186952ca7b <unknown>\n#9 0x56186952d81e <unknown>\n#10 0x56186978ee98 <unknown>\n#11 0x561869792d67 <unknown>\n#12 0x56186979d32c <unknown>\n#13 0x561869793993 <unknown>\n#14 0x561869762827 <unknown>\n#15 0x5618697b78a8 <unknown>\n#16 0x5618697b7a36 <unknown>\n#17 0x5618697c65f3 <unknown>\n#18 0x7fdff123bb43 <unknown>","time":{"start":1690973719177,"stop":1690973734634,"duration":15457}},{"uid":"65aebcecf934a363","reportUrl":"https://MaximKrivenko.github.io/LTA_TESTS/35//#testresult/65aebcecf934a363","status":"broken","statusDetails":"ValueError: There is no such driver by url https://chromedriver.storage.googleapis.com/115.0.5790/chromedriver_linux64.zip","time":{"start":1690973260159,"stop":1690973260159,"duration":0}},{"uid":"ed385099aef93766","reportUrl":"https://MaximKrivenko.github.io/LTA_TESTS/34//#testresult/ed385099aef93766","status":"broken","statusDetails":"selenium.common.exceptions.TimeoutException: Message: \nStacktrace:\n#0 0x5606d2d87783 <unknown>\n#1 0x5606d2ab3917 <unknown>\n#2 0x5606d2af231b <unknown>\n#3 0x5606d2af2411 <unknown>\n#4 0x5606d2b2d674 <unknown>\n#5 0x5606d2b12e2d <unknown>\n#6 0x5606d2b2b0d9 <unknown>\n#7 0x5606d2b12bd3 <unknown>\n#8 0x5606d2ae6a7b <unknown>\n#9 0x5606d2ae781e <unknown>\n#10 0x5606d2d48e98 <unknown>\n#11 0x5606d2d4cd67 <unknown>\n#12 0x5606d2d5732c <unknown>\n#13 0x5606d2d4d993 <unknown>\n#14 0x5606d2d1c827 <unknown>\n#15 0x5606d2d718a8 <unknown>\n#16 0x5606d2d71a36 <unknown>\n#17 0x5606d2d805f3 <unknown>\n#18 0x7fe15aef0b43 <unknown>","time":{"start":1690972646336,"stop":1690972661752,"duration":15416}},{"uid":"3ba52182a35dba51","reportUrl":"https://MaximKrivenko.github.io/LTA_TESTS/33//#testresult/3ba52182a35dba51","status":"broken","statusDetails":"ValueError: There is no such driver by url https://chromedriver.storage.googleapis.com/115.0.5790/chromedriver_linux64.zip","time":{"start":1690971483272,"stop":1690971483272,"duration":0}},{"uid":"87e4e598cbfab88f","reportUrl":"https://MaximKrivenko.github.io/LTA_TESTS/32//#testresult/87e4e598cbfab88f","status":"passed","time":{"start":1682507067614,"stop":1682507081508,"duration":13894}},{"uid":"e055452f81a5ba80","reportUrl":"https://MaximKrivenko.github.io/LTA_TESTS/32//#testresult/e055452f81a5ba80","status":"passed","time":{"start":1682505656827,"stop":1682505670640,"duration":13813}},{"uid":"c1d78f8299b7410","reportUrl":"https://MaximKrivenko.github.io/LTA_TESTS/31//#testresult/c1d78f8299b7410","status":"passed","time":{"start":1682503889270,"stop":1682503903148,"duration":13878}},{"uid":"856f69a7ffa2f9eb","reportUrl":"https://MaximKrivenko.github.io/LTA_TESTS/30//#testresult/856f69a7ffa2f9eb","status":"passed","time":{"start":1682503333259,"stop":1682503347398,"duration":14139}},{"uid":"343ae946d8703444","reportUrl":"https://MaximKrivenko.github.io/LTA_TESTS/29//#testresult/343ae946d8703444","status":"passed","time":{"start":1682502704211,"stop":1682502718033,"duration":13822}},{"uid":"a2d0e16f9f4d897c","reportUrl":"https://MaximKrivenko.github.io/LTA_TESTS/28//#testresult/a2d0e16f9f4d897c","status":"passed","time":{"start":1682500536337,"stop":1682500550210,"duration":13873}}]},"tags":[]},"source":"ae8a95f9d8224f31.json","parameterValues":[]}