{"uid":"c67713c85a20d925","name":"Создание корневого объекта, добавление в него объекта по модели Directory, добавление второго объекта по модели Directory с тем же именем, проверка и удаление корневого объекта","fullName":"Test_Cases.test_object.TestObject#test_object3","historyId":"29cf9907252bad30c1dfd66ec3a898f5","time":{"start":1690985125518,"stop":1690985125539,"duration":21},"description":"Проверка работоспособности раздела 'Объекты'","descriptionHtml":"<p>Проверка работоспособности раздела 'Объекты'</p>\n","status":"broken","statusMessage":"selenium.common.exceptions.NoSuchElementException: Message: no such element: Unable to locate element: {\"method\":\"xpath\",\"selector\":\"/html/body/app-root/app-admin-layout/div/app-menu/aside/nav/ul/li[5]/a\"}\n  (Session info: headless chrome=115.0.5790.102); For documentation on this error, please visit: https://www.selenium.dev/documentation/webdriver/troubleshooting/errors#no-such-element-exception\nStacktrace:\n#0 0x563e81ead783 <unknown>\n#1 0x563e81bd9917 <unknown>\n#2 0x563e81c1831b <unknown>\n#3 0x563e81c18411 <unknown>\n#4 0x563e81c53674 <unknown>\n#5 0x563e81c38e2d <unknown>\n#6 0x563e81c510d9 <unknown>\n#7 0x563e81c38bd3 <unknown>\n#8 0x563e81c0ca7b <unknown>\n#9 0x563e81c0d81e <unknown>\n#10 0x563e81e6ee98 <unknown>\n#11 0x563e81e72d67 <unknown>\n#12 0x563e81e7d32c <unknown>\n#13 0x563e81e73993 <unknown>\n#14 0x563e81e42827 <unknown>\n#15 0x563e81e978a8 <unknown>\n#16 0x563e81e97a36 <unknown>\n#17 0x563e81ea65f3 <unknown>\n#18 0x7f31d0a67b43 <unknown>","statusTrace":"self = <Test_Cases.test_object.TestObject object at 0x7fd85c87b8b0>\nget_webdriver = <selenium.webdriver.chrome.webdriver.WebDriver (session=\"54f65b1bc6d0511b4ade609cce5e3cf5\")>\n\n    @allure.description(\"Проверка работоспособности раздела 'Объекты'\")\n    # simple root object test\n    @allure.title(\"Создание корневого объекта, добавление в него объекта по модели Directory, добавление второго объекта по модели Directory с тем же именем, проверка и удаление корневого объекта\")\n    def test_object3(self, get_webdriver):\n        print('Complex root object child object name validation test launched...')\n        self.driver = get_webdriver\n        name = 'AutoTest_Object'\n        description = 'Тестовый объект'\n        wait = WebDriverWait(self.driver, 15, 0.5)\n    \n        current_url = self.driver.current_url\n        goal_url = f'{env_url}conf/data/objects'\n    \n        if current_url != goal_url:\n            print(f'Current URL is {current_url}, need to return to the Objects section')\n>           objects_button = self.driver.find_element(By.XPATH,\n                                                      '/html/body/app-root/app-admin-layout/div/app-menu/aside/nav/ul'\n                                                      '/li[5]/a')\n\nTest_Cases/test_object.py:376: \n_ _ _ _ _ _ _ _ _ _ _ _ _ _ _ _ _ _ _ _ _ _ _ _ _ _ _ _ _ _ _ _ _ _ _ _ _ _ _ _ \n/opt/hostedtoolcache/Python/3.10.10/x64/lib/python3.10/site-packages/selenium/webdriver/remote/webdriver.py:740: in find_element\n    return self.execute(Command.FIND_ELEMENT, {\"using\": by, \"value\": value})[\"value\"]\n/opt/hostedtoolcache/Python/3.10.10/x64/lib/python3.10/site-packages/selenium/webdriver/remote/webdriver.py:346: in execute\n    self.error_handler.check_response(response)\n_ _ _ _ _ _ _ _ _ _ _ _ _ _ _ _ _ _ _ _ _ _ _ _ _ _ _ _ _ _ _ _ _ _ _ _ _ _ _ _ \n\nself = <selenium.webdriver.remote.errorhandler.ErrorHandler object at 0x7fd85c8a0a00>\nresponse = {'status': 404, 'value': '{\"value\":{\"error\":\"no such element\",\"message\":\"no such element: Unable to locate element: {\\...\\\\n#16 0x563e81e97a36 \\\\u003Cunknown>\\\\n#17 0x563e81ea65f3 \\\\u003Cunknown>\\\\n#18 0x7f31d0a67b43 \\\\u003Cunknown>\\\\n\"}}'}\n\n    def check_response(self, response: Dict[str, Any]) -> None:\n        \"\"\"Checks that a JSON response from the WebDriver does not have an\n        error.\n    \n        :Args:\n         - response - The JSON response from the WebDriver server as a dictionary\n           object.\n    \n        :Raises: If the response contains an error message.\n        \"\"\"\n        status = response.get(\"status\", None)\n        if not status or status == ErrorCode.SUCCESS:\n            return\n        value = None\n        message = response.get(\"message\", \"\")\n        screen: str = response.get(\"screen\", \"\")\n        stacktrace = None\n        if isinstance(status, int):\n            value_json = response.get(\"value\", None)\n            if value_json and isinstance(value_json, str):\n                import json\n    \n                try:\n                    value = json.loads(value_json)\n                    if len(value) == 1:\n                        value = value[\"value\"]\n                    status = value.get(\"error\", None)\n                    if not status:\n                        status = value.get(\"status\", ErrorCode.UNKNOWN_ERROR)\n                        message = value.get(\"value\") or value.get(\"message\")\n                        if not isinstance(message, str):\n                            value = message\n                            message = message.get(\"message\")\n                    else:\n                        message = value.get(\"message\", None)\n                except ValueError:\n                    pass\n    \n        exception_class: Type[WebDriverException]\n        if status in ErrorCode.NO_SUCH_ELEMENT:\n            exception_class = NoSuchElementException\n        elif status in ErrorCode.NO_SUCH_FRAME:\n            exception_class = NoSuchFrameException\n        elif status in ErrorCode.NO_SUCH_SHADOW_ROOT:\n            exception_class = NoSuchShadowRootException\n        elif status in ErrorCode.NO_SUCH_WINDOW:\n            exception_class = NoSuchWindowException\n        elif status in ErrorCode.STALE_ELEMENT_REFERENCE:\n            exception_class = StaleElementReferenceException\n        elif status in ErrorCode.ELEMENT_NOT_VISIBLE:\n            exception_class = ElementNotVisibleException\n        elif status in ErrorCode.INVALID_ELEMENT_STATE:\n            exception_class = InvalidElementStateException\n        elif (\n            status in ErrorCode.INVALID_SELECTOR\n            or status in ErrorCode.INVALID_XPATH_SELECTOR\n            or status in ErrorCode.INVALID_XPATH_SELECTOR_RETURN_TYPER\n        ):\n            exception_class = InvalidSelectorException\n        elif status in ErrorCode.ELEMENT_IS_NOT_SELECTABLE:\n            exception_class = ElementNotSelectableException\n        elif status in ErrorCode.ELEMENT_NOT_INTERACTABLE:\n            exception_class = ElementNotInteractableException\n        elif status in ErrorCode.INVALID_COOKIE_DOMAIN:\n            exception_class = InvalidCookieDomainException\n        elif status in ErrorCode.UNABLE_TO_SET_COOKIE:\n            exception_class = UnableToSetCookieException\n        elif status in ErrorCode.TIMEOUT:\n            exception_class = TimeoutException\n        elif status in ErrorCode.SCRIPT_TIMEOUT:\n            exception_class = TimeoutException\n        elif status in ErrorCode.UNKNOWN_ERROR:\n            exception_class = WebDriverException\n        elif status in ErrorCode.UNEXPECTED_ALERT_OPEN:\n            exception_class = UnexpectedAlertPresentException\n        elif status in ErrorCode.NO_ALERT_OPEN:\n            exception_class = NoAlertPresentException\n        elif status in ErrorCode.IME_NOT_AVAILABLE:\n            exception_class = ImeNotAvailableException\n        elif status in ErrorCode.IME_ENGINE_ACTIVATION_FAILED:\n            exception_class = ImeActivationFailedException\n        elif status in ErrorCode.MOVE_TARGET_OUT_OF_BOUNDS:\n            exception_class = MoveTargetOutOfBoundsException\n        elif status in ErrorCode.JAVASCRIPT_ERROR:\n            exception_class = JavascriptException\n        elif status in ErrorCode.SESSION_NOT_CREATED:\n            exception_class = SessionNotCreatedException\n        elif status in ErrorCode.INVALID_ARGUMENT:\n            exception_class = InvalidArgumentException\n        elif status in ErrorCode.NO_SUCH_COOKIE:\n            exception_class = NoSuchCookieException\n        elif status in ErrorCode.UNABLE_TO_CAPTURE_SCREEN:\n            exception_class = ScreenshotException\n        elif status in ErrorCode.ELEMENT_CLICK_INTERCEPTED:\n            exception_class = ElementClickInterceptedException\n        elif status in ErrorCode.INSECURE_CERTIFICATE:\n            exception_class = InsecureCertificateException\n        elif status in ErrorCode.INVALID_COORDINATES:\n            exception_class = InvalidCoordinatesException\n        elif status in ErrorCode.INVALID_SESSION_ID:\n            exception_class = InvalidSessionIdException\n        elif status in ErrorCode.UNKNOWN_METHOD:\n            exception_class = UnknownMethodException\n        else:\n            exception_class = WebDriverException\n        if not value:\n            value = response[\"value\"]\n        if isinstance(value, str):\n            raise exception_class(value)\n        if message == \"\" and \"message\" in value:\n            message = value[\"message\"]\n    \n        screen = None  # type: ignore[assignment]\n        if \"screen\" in value:\n            screen = value[\"screen\"]\n    \n        stacktrace = None\n        st_value = value.get(\"stackTrace\") or value.get(\"stacktrace\")\n        if st_value:\n            if isinstance(st_value, str):\n                stacktrace = st_value.split(\"\\n\")\n            else:\n                stacktrace = []\n                try:\n                    for frame in st_value:\n                        line = frame.get(\"lineNumber\", \"\")\n                        file = frame.get(\"fileName\", \"<anonymous>\")\n                        if line:\n                            file = f\"{file}:{line}\"\n                        meth = frame.get(\"methodName\", \"<anonymous>\")\n                        if \"className\" in frame:\n                            meth = f\"{frame['className']}.{meth}\"\n                        msg = \"    at %s (%s)\"\n                        msg = msg % (meth, file)\n                        stacktrace.append(msg)\n                except TypeError:\n                    pass\n        if exception_class == UnexpectedAlertPresentException:\n            alert_text = None\n            if \"data\" in value:\n                alert_text = value[\"data\"].get(\"text\")\n            elif \"alert\" in value:\n                alert_text = value[\"alert\"].get(\"text\")\n            raise exception_class(message, screen, stacktrace, alert_text)  # type: ignore[call-arg]  # mypy is not smart enough here\n>       raise exception_class(message, screen, stacktrace)\nE       selenium.common.exceptions.NoSuchElementException: Message: no such element: Unable to locate element: {\"method\":\"xpath\",\"selector\":\"/html/body/app-root/app-admin-layout/div/app-menu/aside/nav/ul/li[5]/a\"}\nE         (Session info: headless chrome=115.0.5790.102); For documentation on this error, please visit: https://www.selenium.dev/documentation/webdriver/troubleshooting/errors#no-such-element-exception\nE       Stacktrace:\nE       #0 0x563e81ead783 <unknown>\nE       #1 0x563e81bd9917 <unknown>\nE       #2 0x563e81c1831b <unknown>\nE       #3 0x563e81c18411 <unknown>\nE       #4 0x563e81c53674 <unknown>\nE       #5 0x563e81c38e2d <unknown>\nE       #6 0x563e81c510d9 <unknown>\nE       #7 0x563e81c38bd3 <unknown>\nE       #8 0x563e81c0ca7b <unknown>\nE       #9 0x563e81c0d81e <unknown>\nE       #10 0x563e81e6ee98 <unknown>\nE       #11 0x563e81e72d67 <unknown>\nE       #12 0x563e81e7d32c <unknown>\nE       #13 0x563e81e73993 <unknown>\nE       #14 0x563e81e42827 <unknown>\nE       #15 0x563e81e978a8 <unknown>\nE       #16 0x563e81e97a36 <unknown>\nE       #17 0x563e81ea65f3 <unknown>\nE       #18 0x7f31d0a67b43 <unknown>\n\n/opt/hostedtoolcache/Python/3.10.10/x64/lib/python3.10/site-packages/selenium/webdriver/remote/errorhandler.py:245: NoSuchElementException","flaky":false,"newFailed":false,"newBroken":false,"newPassed":false,"retriesCount":0,"retriesStatusChange":false,"beforeStages":[{"name":"get_chrome_options","time":{"start":1690985047405,"stop":1690985047406,"duration":1},"status":"passed","steps":[],"attachments":[],"parameters":[],"stepsCount":0,"attachmentsCount":0,"shouldDisplayMessage":false,"hasContent":false},{"name":"get_webdriver","time":{"start":1690985047406,"stop":1690985048789,"duration":1383},"status":"passed","steps":[],"attachments":[],"parameters":[],"stepsCount":0,"attachmentsCount":0,"shouldDisplayMessage":false,"hasContent":false}],"afterStages":[],"labels":[{"name":"parentSuite","value":"Test_Cases"},{"name":"suite","value":"test_object"},{"name":"subSuite","value":"TestObject"},{"name":"host","value":"fv-az344-702"},{"name":"thread","value":"2381-MainThread"},{"name":"framework","value":"pytest"},{"name":"language","value":"cpython3"},{"name":"package","value":"Test_Cases.test_object"},{"name":"resultFormat","value":"allure2"}],"parameters":[],"links":[],"hidden":false,"retry":false,"extra":{"severity":"normal","retries":[],"categories":[{"name":"Test defects","matchedStatuses":[],"flaky":false}],"history":{"statistic":{"failed":0,"broken":7,"skipped":0,"passed":6,"unknown":0,"total":13},"items":[{"uid":"5ec2eb9eed27d3e8","reportUrl":"https://MaximKrivenko.github.io/LTA_TESTS/38//#testresult/5ec2eb9eed27d3e8","status":"broken","statusDetails":"ValueError: There is no such driver by url https://chromedriver.storage.googleapis.com/115.0.5790/chromedriver_linux64.zip","time":{"start":1690975072495,"stop":1690975072495,"duration":0}},{"uid":"845cab8fc82b1135","reportUrl":"https://MaximKrivenko.github.io/LTA_TESTS/37//#testresult/845cab8fc82b1135","status":"broken","statusDetails":"selenium.common.exceptions.WebDriverException: Message: unknown error: Chrome failed to start: exited abnormally.\n  (unknown error: DevToolsActivePort file doesn't exist)\n  (The process started from chrome location /usr/bin/google-chrome is no longer running, so ChromeDriver is assuming that Chrome has crashed.)\nStacktrace:\n#0 0x55b34f07c783 <unknown>\n#1 0x55b34eda8917 <unknown>\n#2 0x55b34edd3978 <unknown>\n#3 0x55b34edd09c9 <unknown>\n#4 0x55b34ee10a13 <unknown>\n#5 0x55b34ee1015f <unknown>\n#6 0x55b34ee07bd3 <unknown>\n#7 0x55b34eddba7b <unknown>\n#8 0x55b34eddc81e <unknown>\n#9 0x55b34f03de98 <unknown>\n#10 0x55b34f041d67 <unknown>\n#11 0x55b34f04c32c <unknown>\n#12 0x55b34f042993 <unknown>\n#13 0x55b34f011827 <unknown>\n#14 0x55b34f0668a8 <unknown>\n#15 0x55b34f066a36 <unknown>\n#16 0x55b34f0755f3 <unknown>\n#17 0x7f282c34ab43 <unknown>","time":{"start":1690974900619,"stop":1690974900619,"duration":0}},{"uid":"2290d3c5977c0939","reportUrl":"https://MaximKrivenko.github.io/LTA_TESTS/36//#testresult/2290d3c5977c0939","status":"broken","statusDetails":"selenium.common.exceptions.NoSuchElementException: Message: no such element: Unable to locate element: {\"method\":\"xpath\",\"selector\":\"/html/body/app-root/app-admin-layout/div/app-menu/aside/nav/ul/li[5]/a\"}\n  (Session info: headless chrome=115.0.5790.102); For documentation on this error, please visit: https://www.selenium.dev/documentation/webdriver/troubleshooting/errors#no-such-element-exception\nStacktrace:\n#0 0x5618697cd783 <unknown>\n#1 0x5618694f9917 <unknown>\n#2 0x56186953831b <unknown>\n#3 0x561869538411 <unknown>\n#4 0x561869573674 <unknown>\n#5 0x561869558e2d <unknown>\n#6 0x5618695710d9 <unknown>\n#7 0x561869558bd3 <unknown>\n#8 0x56186952ca7b <unknown>\n#9 0x56186952d81e <unknown>\n#10 0x56186978ee98 <unknown>\n#11 0x561869792d67 <unknown>\n#12 0x56186979d32c <unknown>\n#13 0x561869793993 <unknown>\n#14 0x561869762827 <unknown>\n#15 0x5618697b78a8 <unknown>\n#16 0x5618697b7a36 <unknown>\n#17 0x5618697c65f3 <unknown>\n#18 0x7fdff123bb43 <unknown>","time":{"start":1690973765884,"stop":1690973765900,"duration":16}},{"uid":"cb4a454f3e1ae43d","reportUrl":"https://MaximKrivenko.github.io/LTA_TESTS/35//#testresult/cb4a454f3e1ae43d","status":"broken","statusDetails":"ValueError: There is no such driver by url https://chromedriver.storage.googleapis.com/115.0.5790/chromedriver_linux64.zip","time":{"start":1690973260240,"stop":1690973260240,"duration":0}},{"uid":"5da3c95582429140","reportUrl":"https://MaximKrivenko.github.io/LTA_TESTS/34//#testresult/5da3c95582429140","status":"broken","statusDetails":"selenium.common.exceptions.NoSuchElementException: Message: no such element: Unable to locate element: {\"method\":\"xpath\",\"selector\":\"/html/body/app-root/app-admin-layout/div/app-menu/aside/nav/ul/li[5]/a\"}\n  (Session info: headless chrome=115.0.5790.110)\nStacktrace:\n#0 0x5606d2d87783 <unknown>\n#1 0x5606d2ab3917 <unknown>\n#2 0x5606d2af231b <unknown>\n#3 0x5606d2af2411 <unknown>\n#4 0x5606d2b2d674 <unknown>\n#5 0x5606d2b12e2d <unknown>\n#6 0x5606d2b2b0d9 <unknown>\n#7 0x5606d2b12bd3 <unknown>\n#8 0x5606d2ae6a7b <unknown>\n#9 0x5606d2ae781e <unknown>\n#10 0x5606d2d48e98 <unknown>\n#11 0x5606d2d4cd67 <unknown>\n#12 0x5606d2d5732c <unknown>\n#13 0x5606d2d4d993 <unknown>\n#14 0x5606d2d1c827 <unknown>\n#15 0x5606d2d718a8 <unknown>\n#16 0x5606d2d71a36 <unknown>\n#17 0x5606d2d805f3 <unknown>\n#18 0x7fe15aef0b43 <unknown>","time":{"start":1690972692868,"stop":1690972692883,"duration":15}},{"uid":"a9306a637c9fcf2a","reportUrl":"https://MaximKrivenko.github.io/LTA_TESTS/33//#testresult/a9306a637c9fcf2a","status":"broken","statusDetails":"ValueError: There is no such driver by url https://chromedriver.storage.googleapis.com/115.0.5790/chromedriver_linux64.zip","time":{"start":1690971483334,"stop":1690971483334,"duration":0}},{"uid":"d7c79945e0a04c96","reportUrl":"https://MaximKrivenko.github.io/LTA_TESTS/32//#testresult/d7c79945e0a04c96","status":"passed","time":{"start":1682507181259,"stop":1682507196126,"duration":14867}},{"uid":"86b33c543782b686","reportUrl":"https://MaximKrivenko.github.io/LTA_TESTS/32//#testresult/86b33c543782b686","status":"passed","time":{"start":1682505767691,"stop":1682505782412,"duration":14721}},{"uid":"9368523afc006428","reportUrl":"https://MaximKrivenko.github.io/LTA_TESTS/31//#testresult/9368523afc006428","status":"passed","time":{"start":1682504008597,"stop":1682504023392,"duration":14795}},{"uid":"5dd4510b1da7db50","reportUrl":"https://MaximKrivenko.github.io/LTA_TESTS/30//#testresult/5dd4510b1da7db50","status":"passed","time":{"start":1682503469259,"stop":1682503485155,"duration":15896}},{"uid":"41be2d062fe9d111","reportUrl":"https://MaximKrivenko.github.io/LTA_TESTS/29//#testresult/41be2d062fe9d111","status":"passed","time":{"start":1682502815440,"stop":1682502829903,"duration":14463}},{"uid":"840bf5f97ea5800d","reportUrl":"https://MaximKrivenko.github.io/LTA_TESTS/28//#testresult/840bf5f97ea5800d","status":"passed","time":{"start":1682500651261,"stop":1682500666161,"duration":14900}}]},"tags":[]},"source":"c67713c85a20d925.json","parameterValues":[]}