{"name": "test_homepage", "status": "broken", "statusDetails": {"message": "selenium.common.exceptions.WebDriverException: Message: Service chromedriver unexpectedly exited. Status code was: -9", "trace": "get_chrome_options = <selenium.webdriver.chrome.options.Options object at 0x7fc1264e8400>\n\n    @pytest.fixture\n    def get_webdriver(get_chrome_options):\n        options = get_chrome_options\n>       driver = webdriver.Chrome(options=options)\n\nTest_Cases/conftest.py:24: \n_ _ _ _ _ _ _ _ _ _ _ _ _ _ _ _ _ _ _ _ _ _ _ _ _ _ _ _ _ _ _ _ _ _ _ _ _ _ _ _ _ _ _ _ _ _ _ _ _ _ _ _ _ _ _ _ _ _ _ _ _ _ _ _ _ _ _ _ _ _ _ _ _ _ _ _ _ _ _ _ _ _ _ _ _ _ \n/Library/Frameworks/Python.framework/Versions/3.9/lib/python3.9/site-packages/selenium/webdriver/chrome/webdriver.py:73: in __init__\n    self.service.start()\n/Library/Frameworks/Python.framework/Versions/3.9/lib/python3.9/site-packages/selenium/webdriver/common/service.py:98: in start\n    self.assert_process_still_running()\n_ _ _ _ _ _ _ _ _ _ _ _ _ _ _ _ _ _ _ _ _ _ _ _ _ _ _ _ _ _ _ _ _ _ _ _ _ _ _ _ _ _ _ _ _ _ _ _ _ _ _ _ _ _ _ _ _ _ _ _ _ _ _ _ _ _ _ _ _ _ _ _ _ _ _ _ _ _ _ _ _ _ _ _ _ _ \n\nself = <selenium.webdriver.chrome.service.Service object at 0x7fc1264e8670>\n\n    def assert_process_still_running(self):\n        return_code = self.process.poll()\n        if return_code is not None:\n>           raise WebDriverException(\n                'Service %s unexpectedly exited. Status code was: %s'\n                % (self.path, return_code)\n            )\nE           selenium.common.exceptions.WebDriverException: Message: Service chromedriver unexpectedly exited. Status code was: -9\n\n/Library/Frameworks/Python.framework/Versions/3.9/lib/python3.9/site-packages/selenium/webdriver/common/service.py:109: WebDriverException"}, "start": 1678792018298, "stop": 1678792018298, "uuid": "c929bf89-6adb-4381-aded-dffe32cae8e3", "historyId": "f4a4792bf9e8d3e6161a1b995a675a88", "testCaseId": "9e28a02dcb251f6fdd23738855141c19", "fullName": "Test_Cases.test_homepage.TestHomepage#test_homepage", "labels": [{"name": "parentSuite", "value": "Test_Cases"}, {"name": "suite", "value": "test_homepage"}, {"name": "subSuite", "value": "TestHomepage"}, {"name": "host", "value": "MacBook-Pro-Maksim.local"}, {"name": "thread", "value": "2036-MainThread"}, {"name": "framework", "value": "pytest"}, {"name": "language", "value": "cpython3"}, {"name": "package", "value": "Test_Cases.test_homepage"}]}