{"uid":"ac6303bcee96b039","name":"Создание корневого объекта, добавление в него объекта по модели Directory, проверка и удаление корневого объекта","fullName":"Test_Cases.test_object.TestObject#test_object2","historyId":"465cee51fb9d0aa83384f84e532f62d4","time":{"start":1690972692779,"stop":1690972692793,"duration":14},"description":"Проверка работоспособности раздела 'Объекты'","descriptionHtml":"<p>Проверка работоспособности раздела 'Объекты'</p>\n","status":"broken","statusMessage":"selenium.common.exceptions.NoSuchElementException: Message: no such element: Unable to locate element: {\"method\":\"xpath\",\"selector\":\"/html/body/app-root/app-admin-layout/div/app-menu/aside/nav/ul/li[5]/a\"}\n  (Session info: headless chrome=115.0.5790.110)\nStacktrace:\n#0 0x5606d2d87783 <unknown>\n#1 0x5606d2ab3917 <unknown>\n#2 0x5606d2af231b <unknown>\n#3 0x5606d2af2411 <unknown>\n#4 0x5606d2b2d674 <unknown>\n#5 0x5606d2b12e2d <unknown>\n#6 0x5606d2b2b0d9 <unknown>\n#7 0x5606d2b12bd3 <unknown>\n#8 0x5606d2ae6a7b <unknown>\n#9 0x5606d2ae781e <unknown>\n#10 0x5606d2d48e98 <unknown>\n#11 0x5606d2d4cd67 <unknown>\n#12 0x5606d2d5732c <unknown>\n#13 0x5606d2d4d993 <unknown>\n#14 0x5606d2d1c827 <unknown>\n#15 0x5606d2d718a8 <unknown>\n#16 0x5606d2d71a36 <unknown>\n#17 0x5606d2d805f3 <unknown>\n#18 0x7fe15aef0b43 <unknown>","statusTrace":"self = <Test_Cases.test_object.TestObject object at 0x7f2df17678e0>\nget_webdriver = <selenium.webdriver.chrome.webdriver.WebDriver (session=\"6f90591c072f39d79138cf8ad728b5ca\")>\n\n    @allure.description(\"Проверка работоспособности раздела 'Объекты'\")\n    # simple root object test\n    @allure.title(\"Создание корневого объекта, добавление в него объекта по модели Directory, проверка и удаление корневого объекта\")\n    def test_object2(self, get_webdriver):\n        print('Complex root object test launched...')\n        self.driver = get_webdriver\n        name = 'AutoTest_Object'\n        description = 'Тестовый объект'\n        wait = WebDriverWait(self.driver, 15, 0.5)\n    \n        current_url = self.driver.current_url\n        goal_url = f'{env_url}conf/data/objects'\n    \n        if current_url != goal_url:\n            print(f'Current URL is {current_url}, need to return to the Objects section')\n>           objects_button = self.driver.find_element(By.XPATH,\n                                                      '/html/body/app-root/app-admin-layout/div/app-menu/aside/nav/ul'\n                                                      '/li[5]/a')\n\nTest_Cases/test_object.py:223: \n_ _ _ _ _ _ _ _ _ _ _ _ _ _ _ _ _ _ _ _ _ _ _ _ _ _ _ _ _ _ _ _ _ _ _ _ _ _ _ _ \n/opt/hostedtoolcache/Python/3.10.10/x64/lib/python3.10/site-packages/selenium/webdriver/remote/webdriver.py:830: in find_element\n    return self.execute(Command.FIND_ELEMENT, {\"using\": by, \"value\": value})[\"value\"]\n/opt/hostedtoolcache/Python/3.10.10/x64/lib/python3.10/site-packages/selenium/webdriver/remote/webdriver.py:440: in execute\n    self.error_handler.check_response(response)\n_ _ _ _ _ _ _ _ _ _ _ _ _ _ _ _ _ _ _ _ _ _ _ _ _ _ _ _ _ _ _ _ _ _ _ _ _ _ _ _ \n\nself = <selenium.webdriver.remote.errorhandler.ErrorHandler object at 0x7f2df18f00a0>\nresponse = {'status': 404, 'value': '{\"value\":{\"error\":\"no such element\",\"message\":\"no such element: Unable to locate element: {\\...\\\\n#16 0x5606d2d71a36 \\\\u003Cunknown>\\\\n#17 0x5606d2d805f3 \\\\u003Cunknown>\\\\n#18 0x7fe15aef0b43 \\\\u003Cunknown>\\\\n\"}}'}\n\n    def check_response(self, response: Dict[str, Any]) -> None:\n        \"\"\"Checks that a JSON response from the WebDriver does not have an\n        error.\n    \n        :Args:\n         - response - The JSON response from the WebDriver server as a dictionary\n           object.\n    \n        :Raises: If the response contains an error message.\n        \"\"\"\n        status = response.get(\"status\", None)\n        if not status or status == ErrorCode.SUCCESS:\n            return\n        value = None\n        message = response.get(\"message\", \"\")\n        screen: str = response.get(\"screen\", \"\")\n        stacktrace = None\n        if isinstance(status, int):\n            value_json = response.get(\"value\", None)\n            if value_json and isinstance(value_json, str):\n                import json\n    \n                try:\n                    value = json.loads(value_json)\n                    if len(value.keys()) == 1:\n                        value = value[\"value\"]\n                    status = value.get(\"error\", None)\n                    if not status:\n                        status = value.get(\"status\", ErrorCode.UNKNOWN_ERROR)\n                        message = value.get(\"value\") or value.get(\"message\")\n                        if not isinstance(message, str):\n                            value = message\n                            message = message.get(\"message\")\n                    else:\n                        message = value.get(\"message\", None)\n                except ValueError:\n                    pass\n    \n        exception_class: Type[WebDriverException]\n        if status in ErrorCode.NO_SUCH_ELEMENT:\n            exception_class = NoSuchElementException\n        elif status in ErrorCode.NO_SUCH_FRAME:\n            exception_class = NoSuchFrameException\n        elif status in ErrorCode.NO_SUCH_SHADOW_ROOT:\n            exception_class = NoSuchShadowRootException\n        elif status in ErrorCode.NO_SUCH_WINDOW:\n            exception_class = NoSuchWindowException\n        elif status in ErrorCode.STALE_ELEMENT_REFERENCE:\n            exception_class = StaleElementReferenceException\n        elif status in ErrorCode.ELEMENT_NOT_VISIBLE:\n            exception_class = ElementNotVisibleException\n        elif status in ErrorCode.INVALID_ELEMENT_STATE:\n            exception_class = InvalidElementStateException\n        elif (\n            status in ErrorCode.INVALID_SELECTOR\n            or status in ErrorCode.INVALID_XPATH_SELECTOR\n            or status in ErrorCode.INVALID_XPATH_SELECTOR_RETURN_TYPER\n        ):\n            exception_class = InvalidSelectorException\n        elif status in ErrorCode.ELEMENT_IS_NOT_SELECTABLE:\n            exception_class = ElementNotSelectableException\n        elif status in ErrorCode.ELEMENT_NOT_INTERACTABLE:\n            exception_class = ElementNotInteractableException\n        elif status in ErrorCode.INVALID_COOKIE_DOMAIN:\n            exception_class = InvalidCookieDomainException\n        elif status in ErrorCode.UNABLE_TO_SET_COOKIE:\n            exception_class = UnableToSetCookieException\n        elif status in ErrorCode.TIMEOUT:\n            exception_class = TimeoutException\n        elif status in ErrorCode.SCRIPT_TIMEOUT:\n            exception_class = TimeoutException\n        elif status in ErrorCode.UNKNOWN_ERROR:\n            exception_class = WebDriverException\n        elif status in ErrorCode.UNEXPECTED_ALERT_OPEN:\n            exception_class = UnexpectedAlertPresentException\n        elif status in ErrorCode.NO_ALERT_OPEN:\n            exception_class = NoAlertPresentException\n        elif status in ErrorCode.IME_NOT_AVAILABLE:\n            exception_class = ImeNotAvailableException\n        elif status in ErrorCode.IME_ENGINE_ACTIVATION_FAILED:\n            exception_class = ImeActivationFailedException\n        elif status in ErrorCode.MOVE_TARGET_OUT_OF_BOUNDS:\n            exception_class = MoveTargetOutOfBoundsException\n        elif status in ErrorCode.JAVASCRIPT_ERROR:\n            exception_class = JavascriptException\n        elif status in ErrorCode.SESSION_NOT_CREATED:\n            exception_class = SessionNotCreatedException\n        elif status in ErrorCode.INVALID_ARGUMENT:\n            exception_class = InvalidArgumentException\n        elif status in ErrorCode.NO_SUCH_COOKIE:\n            exception_class = NoSuchCookieException\n        elif status in ErrorCode.UNABLE_TO_CAPTURE_SCREEN:\n            exception_class = ScreenshotException\n        elif status in ErrorCode.ELEMENT_CLICK_INTERCEPTED:\n            exception_class = ElementClickInterceptedException\n        elif status in ErrorCode.INSECURE_CERTIFICATE:\n            exception_class = InsecureCertificateException\n        elif status in ErrorCode.INVALID_COORDINATES:\n            exception_class = InvalidCoordinatesException\n        elif status in ErrorCode.INVALID_SESSION_ID:\n            exception_class = InvalidSessionIdException\n        elif status in ErrorCode.UNKNOWN_METHOD:\n            exception_class = UnknownMethodException\n        else:\n            exception_class = WebDriverException\n        if not value:\n            value = response[\"value\"]\n        if isinstance(value, str):\n            raise exception_class(value)\n        if message == \"\" and \"message\" in value:\n            message = value[\"message\"]\n    \n        screen = None  # type: ignore[assignment]\n        if \"screen\" in value:\n            screen = value[\"screen\"]\n    \n        stacktrace = None\n        st_value = value.get(\"stackTrace\") or value.get(\"stacktrace\")\n        if st_value:\n            if isinstance(st_value, str):\n                stacktrace = st_value.split(\"\\n\")\n            else:\n                stacktrace = []\n                try:\n                    for frame in st_value:\n                        line = frame.get(\"lineNumber\", \"\")\n                        file = frame.get(\"fileName\", \"<anonymous>\")\n                        if line:\n                            file = f\"{file}:{line}\"\n                        meth = frame.get(\"methodName\", \"<anonymous>\")\n                        if \"className\" in frame:\n                            meth = f\"{frame['className']}.{meth}\"\n                        msg = \"    at %s (%s)\"\n                        msg = msg % (meth, file)\n                        stacktrace.append(msg)\n                except TypeError:\n                    pass\n        if exception_class == UnexpectedAlertPresentException:\n            alert_text = None\n            if \"data\" in value:\n                alert_text = value[\"data\"].get(\"text\")\n            elif \"alert\" in value:\n                alert_text = value[\"alert\"].get(\"text\")\n            raise exception_class(message, screen, stacktrace, alert_text)  # type: ignore[call-arg]  # mypy is not smart enough here\n>       raise exception_class(message, screen, stacktrace)\nE       selenium.common.exceptions.NoSuchElementException: Message: no such element: Unable to locate element: {\"method\":\"xpath\",\"selector\":\"/html/body/app-root/app-admin-layout/div/app-menu/aside/nav/ul/li[5]/a\"}\nE         (Session info: headless chrome=115.0.5790.110)\nE       Stacktrace:\nE       #0 0x5606d2d87783 <unknown>\nE       #1 0x5606d2ab3917 <unknown>\nE       #2 0x5606d2af231b <unknown>\nE       #3 0x5606d2af2411 <unknown>\nE       #4 0x5606d2b2d674 <unknown>\nE       #5 0x5606d2b12e2d <unknown>\nE       #6 0x5606d2b2b0d9 <unknown>\nE       #7 0x5606d2b12bd3 <unknown>\nE       #8 0x5606d2ae6a7b <unknown>\nE       #9 0x5606d2ae781e <unknown>\nE       #10 0x5606d2d48e98 <unknown>\nE       #11 0x5606d2d4cd67 <unknown>\nE       #12 0x5606d2d5732c <unknown>\nE       #13 0x5606d2d4d993 <unknown>\nE       #14 0x5606d2d1c827 <unknown>\nE       #15 0x5606d2d718a8 <unknown>\nE       #16 0x5606d2d71a36 <unknown>\nE       #17 0x5606d2d805f3 <unknown>\nE       #18 0x7fe15aef0b43 <unknown>\n\n/opt/hostedtoolcache/Python/3.10.10/x64/lib/python3.10/site-packages/selenium/webdriver/remote/errorhandler.py:245: NoSuchElementException","flaky":false,"newFailed":false,"newBroken":false,"newPassed":false,"retriesCount":0,"retriesStatusChange":false,"beforeStages":[{"name":"get_chrome_options","time":{"start":1690972498020,"stop":1690972498020,"duration":0},"status":"passed","steps":[],"attachments":[],"parameters":[],"stepsCount":0,"attachmentsCount":0,"shouldDisplayMessage":false,"hasContent":false},{"name":"get_webdriver","time":{"start":1690972498020,"stop":1690972499806,"duration":1786},"status":"passed","steps":[],"attachments":[],"parameters":[],"stepsCount":0,"attachmentsCount":0,"shouldDisplayMessage":false,"hasContent":false}],"afterStages":[],"labels":[{"name":"parentSuite","value":"Test_Cases"},{"name":"suite","value":"test_object"},{"name":"subSuite","value":"TestObject"},{"name":"host","value":"fv-az1235-717"},{"name":"thread","value":"2181-MainThread"},{"name":"framework","value":"pytest"},{"name":"language","value":"cpython3"},{"name":"package","value":"Test_Cases.test_object"},{"name":"resultFormat","value":"allure2"}],"parameters":[],"links":[],"hidden":false,"retry":false,"extra":{"severity":"normal","retries":[],"categories":[{"name":"Test defects","matchedStatuses":[],"flaky":false}],"history":{"statistic":{"failed":0,"broken":2,"skipped":0,"passed":6,"unknown":0,"total":8},"items":[{"uid":"143c8d0a79085a9","reportUrl":"https://MaximKrivenko.github.io/LTA_TESTS/33//#testresult/143c8d0a79085a9","status":"broken","statusDetails":"ValueError: There is no such driver by url https://chromedriver.storage.googleapis.com/115.0.5790/chromedriver_linux64.zip","time":{"start":1690971483324,"stop":1690971483324,"duration":0}},{"uid":"3a79cca7b4e93be5","reportUrl":"https://MaximKrivenko.github.io/LTA_TESTS/32//#testresult/3a79cca7b4e93be5","status":"passed","time":{"start":1682507165136,"stop":1682507174262,"duration":9126}},{"uid":"1e4ba6796426f1a9","reportUrl":"https://MaximKrivenko.github.io/LTA_TESTS/32//#testresult/1e4ba6796426f1a9","status":"passed","time":{"start":1682505752044,"stop":1682505761052,"duration":9008}},{"uid":"3bb838668fe27eac","reportUrl":"https://MaximKrivenko.github.io/LTA_TESTS/31//#testresult/3bb838668fe27eac","status":"passed","time":{"start":1682503991271,"stop":1682504000363,"duration":9092}},{"uid":"d4135dec22a2f1f7","reportUrl":"https://MaximKrivenko.github.io/LTA_TESTS/30//#testresult/d4135dec22a2f1f7","status":"passed","time":{"start":1682503449651,"stop":1682503459747,"duration":10096}},{"uid":"1e80b76b71d4babb","reportUrl":"https://MaximKrivenko.github.io/LTA_TESTS/29//#testresult/1e80b76b71d4babb","status":"passed","time":{"start":1682502799498,"stop":1682502808229,"duration":8731}},{"uid":"73b3d1ac7cda4646","reportUrl":"https://MaximKrivenko.github.io/LTA_TESTS/28//#testresult/73b3d1ac7cda4646","status":"passed","time":{"start":1682500635102,"stop":1682500644224,"duration":9122}}]},"tags":[]},"source":"ac6303bcee96b039.json","parameterValues":[]}