{"uid":"fda5c21d4e9fcbca","name":"Создание сложной модели, содержащей две дочерние модели по каждой базовой модели, удаление одной из дочерних моделей, проверка и удаление сложной модели","fullName":"Test_Cases.test_model.TestModel#test_model3","historyId":"e22b3673fdbc1caa22d619bcd1316a1a","time":{"start":1690975072440,"stop":1690975072440,"duration":0},"description":"Проверка работоспособности раздела 'Модели'","descriptionHtml":"<p>Проверка работоспособности раздела 'Модели'</p>\n","status":"broken","statusMessage":"ValueError: There is no such driver by url https://chromedriver.storage.googleapis.com/115.0.5790/chromedriver_linux64.zip","statusTrace":"request = <SubRequest 'get_webdriver' for <Function test_homepage>>\nget_chrome_options = <selenium.webdriver.chrome.options.Options object at 0x7f9d3ca18160>\n\n    @pytest.fixture(scope='session')\n    def get_webdriver(request, get_chrome_options):\n        options = get_chrome_options\n>       driver = webdriver.Chrome(ChromeDriverManager().install(), options=options)\n\nTest_Cases/conftest.py:34: \n_ _ _ _ _ _ _ _ _ _ _ _ _ _ _ _ _ _ _ _ _ _ _ _ _ _ _ _ _ _ _ _ _ _ _ _ _ _ _ _ \n/opt/hostedtoolcache/Python/3.10.10/x64/lib/python3.10/site-packages/webdriver_manager/chrome.py:39: in install\n    driver_path = self._get_driver_path(self.driver)\n/opt/hostedtoolcache/Python/3.10.10/x64/lib/python3.10/site-packages/webdriver_manager/core/manager.py:30: in _get_driver_path\n    file = self._download_manager.download_file(driver.get_url())\n/opt/hostedtoolcache/Python/3.10.10/x64/lib/python3.10/site-packages/webdriver_manager/core/download_manager.py:28: in download_file\n    response = self._http_client.get(url)\n/opt/hostedtoolcache/Python/3.10.10/x64/lib/python3.10/site-packages/webdriver_manager/core/http.py:33: in get\n    self.validate_response(resp)\n_ _ _ _ _ _ _ _ _ _ _ _ _ _ _ _ _ _ _ _ _ _ _ _ _ _ _ _ _ _ _ _ _ _ _ _ _ _ _ _ \n\nresp = <Response [404]>\n\n    @staticmethod\n    def validate_response(resp: requests.Response):\n        status_code = resp.status_code\n        if status_code == 404:\n>           raise ValueError(f\"There is no such driver by url {resp.url}\")\nE           ValueError: There is no such driver by url https://chromedriver.storage.googleapis.com/115.0.5790/chromedriver_linux64.zip\n\n/opt/hostedtoolcache/Python/3.10.10/x64/lib/python3.10/site-packages/webdriver_manager/core/http.py:16: ValueError","flaky":false,"newFailed":false,"newBroken":false,"newPassed":false,"retriesCount":0,"retriesStatusChange":false,"beforeStages":[{"name":"get_chrome_options","time":{"start":1690975069333,"stop":1690975069333,"duration":0},"status":"passed","steps":[],"attachments":[],"parameters":[],"stepsCount":0,"attachmentsCount":0,"shouldDisplayMessage":false,"hasContent":false},{"name":"get_webdriver","time":{"start":1690975069334,"stop":1690975072348,"duration":3014},"status":"broken","statusMessage":"ValueError: There is no such driver by url https://chromedriver.storage.googleapis.com/115.0.5790/chromedriver_linux64.zip\n","statusTrace":"  File \"/opt/hostedtoolcache/Python/3.10.10/x64/lib/python3.10/site-packages/pluggy/_callers.py\", line 80, in _multicall\n    res = hook_impl.function(*args)\n  File \"/opt/hostedtoolcache/Python/3.10.10/x64/lib/python3.10/site-packages/_pytest/fixtures.py\", line 1129, in pytest_fixture_setup\n    result = call_fixture_func(fixturefunc, request, kwargs)\n  File \"/opt/hostedtoolcache/Python/3.10.10/x64/lib/python3.10/site-packages/_pytest/fixtures.py\", line 908, in call_fixture_func\n    fixture_result = fixturefunc(**kwargs)\n  File \"/home/runner/work/LTA_TESTS/LTA_TESTS/Test_Cases/conftest.py\", line 34, in get_webdriver\n    driver = webdriver.Chrome(ChromeDriverManager().install(), options=options)\n  File \"/opt/hostedtoolcache/Python/3.10.10/x64/lib/python3.10/site-packages/webdriver_manager/chrome.py\", line 39, in install\n    driver_path = self._get_driver_path(self.driver)\n  File \"/opt/hostedtoolcache/Python/3.10.10/x64/lib/python3.10/site-packages/webdriver_manager/core/manager.py\", line 30, in _get_driver_path\n    file = self._download_manager.download_file(driver.get_url())\n  File \"/opt/hostedtoolcache/Python/3.10.10/x64/lib/python3.10/site-packages/webdriver_manager/core/download_manager.py\", line 28, in download_file\n    response = self._http_client.get(url)\n  File \"/opt/hostedtoolcache/Python/3.10.10/x64/lib/python3.10/site-packages/webdriver_manager/core/http.py\", line 33, in get\n    self.validate_response(resp)\n  File \"/opt/hostedtoolcache/Python/3.10.10/x64/lib/python3.10/site-packages/webdriver_manager/core/http.py\", line 16, in validate_response\n    raise ValueError(f\"There is no such driver by url {resp.url}\")\n","steps":[],"attachments":[],"parameters":[],"stepsCount":0,"attachmentsCount":0,"shouldDisplayMessage":true,"hasContent":true}],"afterStages":[],"labels":[{"name":"parentSuite","value":"Test_Cases"},{"name":"suite","value":"test_model"},{"name":"subSuite","value":"TestModel"},{"name":"host","value":"fv-az362-960"},{"name":"thread","value":"2198-MainThread"},{"name":"framework","value":"pytest"},{"name":"language","value":"cpython3"},{"name":"package","value":"Test_Cases.test_model"},{"name":"resultFormat","value":"allure2"}],"parameters":[],"links":[],"hidden":false,"retry":false,"extra":{"severity":"normal","retries":[],"categories":[{"name":"Test defects","matchedStatuses":[],"flaky":false}],"history":{"statistic":{"failed":0,"broken":6,"skipped":0,"passed":6,"unknown":0,"total":12},"items":[{"uid":"1e5aa14c7fc1f7d2","reportUrl":"https://MaximKrivenko.github.io/LTA_TESTS/37//#testresult/1e5aa14c7fc1f7d2","status":"broken","statusDetails":"selenium.common.exceptions.WebDriverException: Message: unknown error: Chrome failed to start: exited abnormally.\n  (unknown error: DevToolsActivePort file doesn't exist)\n  (The process started from chrome location /usr/bin/google-chrome is no longer running, so ChromeDriver is assuming that Chrome has crashed.)\nStacktrace:\n#0 0x55b34f07c783 <unknown>\n#1 0x55b34eda8917 <unknown>\n#2 0x55b34edd3978 <unknown>\n#3 0x55b34edd09c9 <unknown>\n#4 0x55b34ee10a13 <unknown>\n#5 0x55b34ee1015f <unknown>\n#6 0x55b34ee07bd3 <unknown>\n#7 0x55b34eddba7b <unknown>\n#8 0x55b34eddc81e <unknown>\n#9 0x55b34f03de98 <unknown>\n#10 0x55b34f041d67 <unknown>\n#11 0x55b34f04c32c <unknown>\n#12 0x55b34f042993 <unknown>\n#13 0x55b34f011827 <unknown>\n#14 0x55b34f0668a8 <unknown>\n#15 0x55b34f066a36 <unknown>\n#16 0x55b34f0755f3 <unknown>\n#17 0x7f282c34ab43 <unknown>","time":{"start":1690974900408,"stop":1690974900408,"duration":0}},{"uid":"bbcbcc6bf183af51","reportUrl":"https://MaximKrivenko.github.io/LTA_TESTS/36//#testresult/bbcbcc6bf183af51","status":"broken","statusDetails":"selenium.common.exceptions.TimeoutException: Message: \nStacktrace:\n#0 0x5618697cd783 <unknown>\n#1 0x5618694f9917 <unknown>\n#2 0x56186953831b <unknown>\n#3 0x561869538411 <unknown>\n#4 0x561869573674 <unknown>\n#5 0x561869558e2d <unknown>\n#6 0x5618695710d9 <unknown>\n#7 0x561869558bd3 <unknown>\n#8 0x56186952ca7b <unknown>\n#9 0x56186952d81e <unknown>\n#10 0x56186978ee98 <unknown>\n#11 0x561869792d67 <unknown>\n#12 0x56186979d32c <unknown>\n#13 0x561869793993 <unknown>\n#14 0x561869762827 <unknown>\n#15 0x5618697b78a8 <unknown>\n#16 0x5618697b7a36 <unknown>\n#17 0x5618697c65f3 <unknown>\n#18 0x7fdff123bb43 <unknown>","time":{"start":1690973734657,"stop":1690973750121,"duration":15464}},{"uid":"43ebbfae4a4a2741","reportUrl":"https://MaximKrivenko.github.io/LTA_TESTS/35//#testresult/43ebbfae4a4a2741","status":"broken","statusDetails":"ValueError: There is no such driver by url https://chromedriver.storage.googleapis.com/115.0.5790/chromedriver_linux64.zip","time":{"start":1690973260172,"stop":1690973260172,"duration":0}},{"uid":"af625f6bd3fd1305","reportUrl":"https://MaximKrivenko.github.io/LTA_TESTS/34//#testresult/af625f6bd3fd1305","status":"broken","statusDetails":"selenium.common.exceptions.TimeoutException: Message: \nStacktrace:\n#0 0x5606d2d87783 <unknown>\n#1 0x5606d2ab3917 <unknown>\n#2 0x5606d2af231b <unknown>\n#3 0x5606d2af2411 <unknown>\n#4 0x5606d2b2d674 <unknown>\n#5 0x5606d2b12e2d <unknown>\n#6 0x5606d2b2b0d9 <unknown>\n#7 0x5606d2b12bd3 <unknown>\n#8 0x5606d2ae6a7b <unknown>\n#9 0x5606d2ae781e <unknown>\n#10 0x5606d2d48e98 <unknown>\n#11 0x5606d2d4cd67 <unknown>\n#12 0x5606d2d5732c <unknown>\n#13 0x5606d2d4d993 <unknown>\n#14 0x5606d2d1c827 <unknown>\n#15 0x5606d2d718a8 <unknown>\n#16 0x5606d2d71a36 <unknown>\n#17 0x5606d2d805f3 <unknown>\n#18 0x7fe15aef0b43 <unknown>","time":{"start":1690972661776,"stop":1690972677203,"duration":15427}},{"uid":"8d31529345d25c7","reportUrl":"https://MaximKrivenko.github.io/LTA_TESTS/33//#testresult/8d31529345d25c7","status":"broken","statusDetails":"ValueError: There is no such driver by url https://chromedriver.storage.googleapis.com/115.0.5790/chromedriver_linux64.zip","time":{"start":1690971483282,"stop":1690971483282,"duration":0}},{"uid":"f8c97084590df27b","reportUrl":"https://MaximKrivenko.github.io/LTA_TESTS/32//#testresult/f8c97084590df27b","status":"passed","time":{"start":1682507088543,"stop":1682507107211,"duration":18668}},{"uid":"d56a470da41d7a96","reportUrl":"https://MaximKrivenko.github.io/LTA_TESTS/32//#testresult/d56a470da41d7a96","status":"passed","time":{"start":1682505677699,"stop":1682505696121,"duration":18422}},{"uid":"530c5874b67a83d0","reportUrl":"https://MaximKrivenko.github.io/LTA_TESTS/31//#testresult/530c5874b67a83d0","status":"passed","time":{"start":1682503910930,"stop":1682503929573,"duration":18643}},{"uid":"f9e1109105931678","reportUrl":"https://MaximKrivenko.github.io/LTA_TESTS/30//#testresult/f9e1109105931678","status":"passed","time":{"start":1682503356628,"stop":1682503376276,"duration":19648}},{"uid":"4c0deeb3d195baf","reportUrl":"https://MaximKrivenko.github.io/LTA_TESTS/29//#testresult/4c0deeb3d195baf","status":"passed","time":{"start":1682502724944,"stop":1682502743162,"duration":18218}},{"uid":"2d2cd9bc06ef78cb","reportUrl":"https://MaximKrivenko.github.io/LTA_TESTS/28//#testresult/2d2cd9bc06ef78cb","status":"passed","time":{"start":1682500557376,"stop":1682500576335,"duration":18959}}]},"tags":[]},"source":"fda5c21d4e9fcbca.json","parameterValues":[]}