{"uid":"c8b6aa7394422278","name":"test_homepage","fullName":"Test_Cases.test_homepage.TestHomepage#test_homepage","historyId":"f4a4792bf9e8d3e6161a1b995a675a88","time":{"start":1707026948009,"stop":1707026948009,"duration":0},"description":"Проверка работоспособности главной страницы","descriptionHtml":"<p>Проверка работоспособности главной страницы</p>\n","status":"broken","statusMessage":"selenium.common.exceptions.SessionNotCreatedException: Message: session not created: Chrome failed to start: exited normally.\n  (session not created: DevToolsActivePort file doesn't exist)\n  (The process started from chrome location /opt/google/chrome/chrome is no longer running, so ChromeDriver is assuming that Chrome has crashed.)\nStacktrace:\n#0 0x555efdab2d93 <unknown>\n#1 0x555efd796337 <unknown>\n#2 0x555efd7cabc0 <unknown>\n#3 0x555efd7c6765 <unknown>\n#4 0x555efd810b7c <unknown>\n#5 0x555efd8041e3 <unknown>\n#6 0x555efd7d4135 <unknown>\n#7 0x555efd7d513e <unknown>\n#8 0x555efda76e4b <unknown>\n#9 0x555efda7adfa <unknown>\n#10 0x555efda636d5 <unknown>\n#11 0x555efda7ba6f <unknown>\n#12 0x555efda4769f <unknown>\n#13 0x555efdaa0098 <unknown>\n#14 0x555efdaa0262 <unknown>\n#15 0x555efdab1f34 <unknown>\n#16 0x7fac7c494ac3 <unknown>","statusTrace":"get_chrome_options = <selenium.webdriver.chrome.options.Options object at 0x7ff87af3df50>\n\n    @pytest.fixture(scope='session')\n    def get_webdriver(get_chrome_options):\n        options = get_chrome_options\n>       driver = webdriver.Chrome(service=ChromeService(ChromeDriverManager().install()), options=options)\n\nTest_Cases/conftest.py:38: \n_ _ _ _ _ _ _ _ _ _ _ _ _ _ _ _ _ _ _ _ _ _ _ _ _ _ _ _ _ _ _ _ _ _ _ _ _ _ _ _ \n/opt/hostedtoolcache/Python/3.11.4/x64/lib/python3.11/site-packages/selenium/webdriver/chrome/webdriver.py:45: in __init__\n    super().__init__(\n/opt/hostedtoolcache/Python/3.11.4/x64/lib/python3.11/site-packages/selenium/webdriver/chromium/webdriver.py:56: in __init__\n    super().__init__(\n/opt/hostedtoolcache/Python/3.11.4/x64/lib/python3.11/site-packages/selenium/webdriver/remote/webdriver.py:205: in __init__\n    self.start_session(capabilities)\n/opt/hostedtoolcache/Python/3.11.4/x64/lib/python3.11/site-packages/selenium/webdriver/remote/webdriver.py:289: in start_session\n    response = self.execute(Command.NEW_SESSION, caps)[\"value\"]\n/opt/hostedtoolcache/Python/3.11.4/x64/lib/python3.11/site-packages/selenium/webdriver/remote/webdriver.py:344: in execute\n    self.error_handler.check_response(response)\n_ _ _ _ _ _ _ _ _ _ _ _ _ _ _ _ _ _ _ _ _ _ _ _ _ _ _ _ _ _ _ _ _ _ _ _ _ _ _ _ \n\nself = <selenium.webdriver.remote.errorhandler.ErrorHandler object at 0x7ff87a3e9f50>\nresponse = {'status': 500, 'value': '{\"value\":{\"error\":\"session not created\",\"message\":\"session not created: Chrome failed to sta...\\\\n#14 0x555efdaa0262 \\\\u003Cunknown>\\\\n#15 0x555efdab1f34 \\\\u003Cunknown>\\\\n#16 0x7fac7c494ac3 \\\\u003Cunknown>\\\\n\"}}'}\n\n    def check_response(self, response: Dict[str, Any]) -> None:\n        \"\"\"Checks that a JSON response from the WebDriver does not have an\n        error.\n    \n        :Args:\n         - response - The JSON response from the WebDriver server as a dictionary\n           object.\n    \n        :Raises: If the response contains an error message.\n        \"\"\"\n        status = response.get(\"status\", None)\n        if not status or status == ErrorCode.SUCCESS:\n            return\n        value = None\n        message = response.get(\"message\", \"\")\n        screen: str = response.get(\"screen\", \"\")\n        stacktrace = None\n        if isinstance(status, int):\n            value_json = response.get(\"value\", None)\n            if value_json and isinstance(value_json, str):\n                import json\n    \n                try:\n                    value = json.loads(value_json)\n                    if len(value) == 1:\n                        value = value[\"value\"]\n                    status = value.get(\"error\", None)\n                    if not status:\n                        status = value.get(\"status\", ErrorCode.UNKNOWN_ERROR)\n                        message = value.get(\"value\") or value.get(\"message\")\n                        if not isinstance(message, str):\n                            value = message\n                            message = message.get(\"message\")\n                    else:\n                        message = value.get(\"message\", None)\n                except ValueError:\n                    pass\n    \n        exception_class: Type[WebDriverException]\n        e = ErrorCode()\n        error_codes = [item for item in dir(e) if not item.startswith(\"__\")]\n        for error_code in error_codes:\n            error_info = getattr(ErrorCode, error_code)\n            if isinstance(error_info, list) and status in error_info:\n                exception_class = getattr(ExceptionMapping, error_code, WebDriverException)\n                break\n        else:\n            exception_class = WebDriverException\n    \n        if not value:\n            value = response[\"value\"]\n        if isinstance(value, str):\n            raise exception_class(value)\n        if message == \"\" and \"message\" in value:\n            message = value[\"message\"]\n    \n        screen = None  # type: ignore[assignment]\n        if \"screen\" in value:\n            screen = value[\"screen\"]\n    \n        stacktrace = None\n        st_value = value.get(\"stackTrace\") or value.get(\"stacktrace\")\n        if st_value:\n            if isinstance(st_value, str):\n                stacktrace = st_value.split(\"\\n\")\n            else:\n                stacktrace = []\n                try:\n                    for frame in st_value:\n                        line = frame.get(\"lineNumber\", \"\")\n                        file = frame.get(\"fileName\", \"<anonymous>\")\n                        if line:\n                            file = f\"{file}:{line}\"\n                        meth = frame.get(\"methodName\", \"<anonymous>\")\n                        if \"className\" in frame:\n                            meth = f\"{frame['className']}.{meth}\"\n                        msg = \"    at %s (%s)\"\n                        msg = msg % (meth, file)\n                        stacktrace.append(msg)\n                except TypeError:\n                    pass\n        if exception_class == UnexpectedAlertPresentException:\n            alert_text = None\n            if \"data\" in value:\n                alert_text = value[\"data\"].get(\"text\")\n            elif \"alert\" in value:\n                alert_text = value[\"alert\"].get(\"text\")\n            raise exception_class(message, screen, stacktrace, alert_text)  # type: ignore[call-arg]  # mypy is not smart enough here\n>       raise exception_class(message, screen, stacktrace)\nE       selenium.common.exceptions.SessionNotCreatedException: Message: session not created: Chrome failed to start: exited normally.\nE         (session not created: DevToolsActivePort file doesn't exist)\nE         (The process started from chrome location /opt/google/chrome/chrome is no longer running, so ChromeDriver is assuming that Chrome has crashed.)\nE       Stacktrace:\nE       #0 0x555efdab2d93 <unknown>\nE       #1 0x555efd796337 <unknown>\nE       #2 0x555efd7cabc0 <unknown>\nE       #3 0x555efd7c6765 <unknown>\nE       #4 0x555efd810b7c <unknown>\nE       #5 0x555efd8041e3 <unknown>\nE       #6 0x555efd7d4135 <unknown>\nE       #7 0x555efd7d513e <unknown>\nE       #8 0x555efda76e4b <unknown>\nE       #9 0x555efda7adfa <unknown>\nE       #10 0x555efda636d5 <unknown>\nE       #11 0x555efda7ba6f <unknown>\nE       #12 0x555efda4769f <unknown>\nE       #13 0x555efdaa0098 <unknown>\nE       #14 0x555efdaa0262 <unknown>\nE       #15 0x555efdab1f34 <unknown>\nE       #16 0x7fac7c494ac3 <unknown>\n\n/opt/hostedtoolcache/Python/3.11.4/x64/lib/python3.11/site-packages/selenium/webdriver/remote/errorhandler.py:229: SessionNotCreatedException","flaky":false,"newFailed":false,"newBroken":true,"newPassed":false,"retriesCount":0,"retriesStatusChange":false,"beforeStages":[{"name":"get_chrome_options","time":{"start":1707026948010,"stop":1707026948010,"duration":0},"status":"passed","steps":[],"attachments":[],"parameters":[],"shouldDisplayMessage":false,"stepsCount":0,"attachmentsCount":0,"hasContent":false,"attachmentStep":false},{"name":"get_webdriver","time":{"start":1707026948010,"stop":1707026949840,"duration":1830},"status":"broken","statusMessage":"selenium.common.exceptions.SessionNotCreatedException: Message: session not created: Chrome failed to start: exited normally.\n  (session not created: DevToolsActivePort file doesn't exist)\n  (The process started from chrome location /opt/google/chrome/chrome is no longer running, so ChromeDriver is assuming that Chrome has crashed.)\nStacktrace:\n#0 0x555efdab2d93 <unknown>\n#1 0x555efd796337 <unknown>\n#2 0x555efd7cabc0 <unknown>\n#3 0x555efd7c6765 <unknown>\n#4 0x555efd810b7c <unknown>\n#5 0x555efd8041e3 <unknown>\n#6 0x555efd7d4135 <unknown>\n#7 0x555efd7d513e <unknown>\n#8 0x555efda76e4b <unknown>\n#9 0x555efda7adfa <unknown>\n#10 0x555efda636d5 <unknown>\n#11 0x555efda7ba6f <unknown>\n#12 0x555efda4769f <unknown>\n#13 0x555efdaa0098 <unknown>\n#14 0x555efdaa0262 <unknown>\n#15 0x555efdab1f34 <unknown>\n#16 0x7fac7c494ac3 <unknown>\n\n","statusTrace":"  File \"/opt/hostedtoolcache/Python/3.11.4/x64/lib/python3.11/site-packages/pluggy/_callers.py\", line 102, in _multicall\n    res = hook_impl.function(*args)\n          ^^^^^^^^^^^^^^^^^^^^^^^^^\n  File \"/opt/hostedtoolcache/Python/3.11.4/x64/lib/python3.11/site-packages/_pytest/fixtures.py\", line 1123, in pytest_fixture_setup\n    result = call_fixture_func(fixturefunc, request, kwargs)\n             ^^^^^^^^^^^^^^^^^^^^^^^^^^^^^^^^^^^^^^^^^^^^^^^\n  File \"/opt/hostedtoolcache/Python/3.11.4/x64/lib/python3.11/site-packages/_pytest/fixtures.py\", line 902, in call_fixture_func\n    fixture_result = fixturefunc(**kwargs)\n                     ^^^^^^^^^^^^^^^^^^^^^\n  File \"/home/runner/work/LTA_TESTS/LTA_TESTS/Test_Cases/conftest.py\", line 38, in get_webdriver\n    driver = webdriver.Chrome(service=ChromeService(ChromeDriverManager().install()), options=options)\n             ^^^^^^^^^^^^^^^^^^^^^^^^^^^^^^^^^^^^^^^^^^^^^^^^^^^^^^^^^^^^^^^^^^^^^^^^^^^^^^^^^^^^^^^^^\n  File \"/opt/hostedtoolcache/Python/3.11.4/x64/lib/python3.11/site-packages/selenium/webdriver/chrome/webdriver.py\", line 45, in __init__\n    super().__init__(\n  File \"/opt/hostedtoolcache/Python/3.11.4/x64/lib/python3.11/site-packages/selenium/webdriver/chromium/webdriver.py\", line 56, in __init__\n    super().__init__(\n  File \"/opt/hostedtoolcache/Python/3.11.4/x64/lib/python3.11/site-packages/selenium/webdriver/remote/webdriver.py\", line 205, in __init__\n    self.start_session(capabilities)\n  File \"/opt/hostedtoolcache/Python/3.11.4/x64/lib/python3.11/site-packages/selenium/webdriver/remote/webdriver.py\", line 289, in start_session\n    response = self.execute(Command.NEW_SESSION, caps)[\"value\"]\n               ^^^^^^^^^^^^^^^^^^^^^^^^^^^^^^^^^^^^^^^\n  File \"/opt/hostedtoolcache/Python/3.11.4/x64/lib/python3.11/site-packages/selenium/webdriver/remote/webdriver.py\", line 344, in execute\n    self.error_handler.check_response(response)\n  File \"/opt/hostedtoolcache/Python/3.11.4/x64/lib/python3.11/site-packages/selenium/webdriver/remote/errorhandler.py\", line 229, in check_response\n    raise exception_class(message, screen, stacktrace)\n","steps":[],"attachments":[],"parameters":[],"shouldDisplayMessage":true,"stepsCount":0,"attachmentsCount":0,"hasContent":true,"attachmentStep":false}],"afterStages":[],"labels":[{"name":"parentSuite","value":"Test_Cases"},{"name":"suite","value":"test_homepage"},{"name":"subSuite","value":"TestHomepage"},{"name":"host","value":"fv-az1116-70"},{"name":"thread","value":"2281-MainThread"},{"name":"framework","value":"pytest"},{"name":"language","value":"cpython3"},{"name":"package","value":"Test_Cases.test_homepage"},{"name":"resultFormat","value":"allure2"}],"parameters":[],"links":[],"hidden":false,"retry":false,"extra":{"severity":"normal","retries":[],"categories":[{"name":"Test defects","matchedStatuses":[],"flaky":false}],"history":{"statistic":{"failed":3,"broken":7,"skipped":0,"passed":13,"unknown":0,"total":23},"items":[{"uid":"28f923c27542afab","reportUrl":"https://MaximKrivenko.github.io/LTA_TESTS/55//#testresult/28f923c27542afab","status":"passed","time":{"start":1691742517843,"stop":1691742517876,"duration":33}},{"uid":"59574be83a85fcf9","reportUrl":"https://MaximKrivenko.github.io/LTA_TESTS/49//#testresult/59574be83a85fcf9","status":"passed","time":{"start":1691688850421,"stop":1691688850965,"duration":544}},{"uid":"c3b969f3c90cb28","reportUrl":"https://MaximKrivenko.github.io/LTA_TESTS/48//#testresult/c3b969f3c90cb28","status":"passed","time":{"start":1691062123748,"stop":1691062123795,"duration":47}},{"uid":"1da784bf986f1130","reportUrl":"https://MaximKrivenko.github.io/LTA_TESTS/47//#testresult/1da784bf986f1130","status":"passed","time":{"start":1691061770343,"stop":1691061770899,"duration":556}},{"uid":"a449076c4c6ddf3a","reportUrl":"https://MaximKrivenko.github.io/LTA_TESTS/46//#testresult/a449076c4c6ddf3a","status":"passed","time":{"start":1691061373233,"stop":1691061373805,"duration":572}},{"uid":"ff0efb97ec9a98bf","reportUrl":"https://MaximKrivenko.github.io/LTA_TESTS/44//#testresult/ff0efb97ec9a98bf","status":"broken","statusDetails":"selenium.common.exceptions.WebDriverException: Message: unknown error: Chrome failed to start: exited abnormally.\n  (unknown error: DevToolsActivePort file doesn't exist)\n  (The process started from chrome location /usr/bin/google-chrome is no longer running, so ChromeDriver is assuming that Chrome has crashed.)\nStacktrace:\n#0 0x562f731f1783 <unknown>\n#1 0x562f72f1d917 <unknown>\n#2 0x562f72f48978 <unknown>\n#3 0x562f72f459c9 <unknown>\n#4 0x562f72f85a13 <unknown>\n#5 0x562f72f8515f <unknown>\n#6 0x562f72f7cbd3 <unknown>\n#7 0x562f72f50a7b <unknown>\n#8 0x562f72f5181e <unknown>\n#9 0x562f731b2e98 <unknown>\n#10 0x562f731b6d67 <unknown>\n#11 0x562f731c132c <unknown>\n#12 0x562f731b7993 <unknown>\n#13 0x562f73186827 <unknown>\n#14 0x562f731db8a8 <unknown>\n#15 0x562f731dba36 <unknown>\n#16 0x562f731ea5f3 <unknown>\n#17 0x7fb7173f7b43 <unknown>","time":{"start":1691059996246,"stop":1691059996246,"duration":0}},{"uid":"eea7bc4a4352e262","reportUrl":"https://MaximKrivenko.github.io/LTA_TESTS/43//#testresult/eea7bc4a4352e262","status":"passed","time":{"start":1691045237618,"stop":1691045237664,"duration":46}},{"uid":"13ca626fea7c385d","reportUrl":"https://MaximKrivenko.github.io/LTA_TESTS/43//#testresult/13ca626fea7c385d","status":"passed","time":{"start":1690989514214,"stop":1690989514275,"duration":61}},{"uid":"993e0930ed45ab69","reportUrl":"https://MaximKrivenko.github.io/LTA_TESTS/42//#testresult/993e0930ed45ab69","status":"failed","statusDetails":"AssertionError: Title is missing, HOMEPAGE IS NOT ACTIVE\nassert 'Меню' == 'Менz'\n  - Менz\n  ?    ^\n  + Меню\n  ?    ^","time":{"start":1690988209009,"stop":1690988209566,"duration":557}},{"uid":"370549ddca1aedd3","reportUrl":"https://MaximKrivenko.github.io/LTA_TESTS/41//#testresult/370549ddca1aedd3","status":"failed","statusDetails":"AssertionError: Title is missing, HOMEPAGE IS NOT ACTIVE\nassert 'Меню' == 'Менz'\n  - Менz\n  ?    ^\n  + Меню\n  ?    ^","time":{"start":1690985056481,"stop":1690985057056,"duration":575}},{"uid":"81ce1a4fd62ac71d","reportUrl":"https://MaximKrivenko.github.io/LTA_TESTS/38//#testresult/81ce1a4fd62ac71d","status":"broken","statusDetails":"ValueError: There is no such driver by url https://chromedriver.storage.googleapis.com/115.0.5790/chromedriver_linux64.zip","time":{"start":1690975069332,"stop":1690975069332,"duration":0}},{"uid":"fb8071a6cb428432","reportUrl":"https://MaximKrivenko.github.io/LTA_TESTS/37//#testresult/fb8071a6cb428432","status":"broken","statusDetails":"selenium.common.exceptions.WebDriverException: Message: unknown error: Chrome failed to start: exited abnormally.\n  (unknown error: DevToolsActivePort file doesn't exist)\n  (The process started from chrome location /usr/bin/google-chrome is no longer running, so ChromeDriver is assuming that Chrome has crashed.)\nStacktrace:\n#0 0x55b34f07c783 <unknown>\n#1 0x55b34eda8917 <unknown>\n#2 0x55b34edd3978 <unknown>\n#3 0x55b34edd09c9 <unknown>\n#4 0x55b34ee10a13 <unknown>\n#5 0x55b34ee1015f <unknown>\n#6 0x55b34ee07bd3 <unknown>\n#7 0x55b34eddba7b <unknown>\n#8 0x55b34eddc81e <unknown>\n#9 0x55b34f03de98 <unknown>\n#10 0x55b34f041d67 <unknown>\n#11 0x55b34f04c32c <unknown>\n#12 0x55b34f042993 <unknown>\n#13 0x55b34f011827 <unknown>\n#14 0x55b34f0668a8 <unknown>\n#15 0x55b34f066a36 <unknown>\n#16 0x55b34f0755f3 <unknown>\n#17 0x7f282c34ab43 <unknown>","time":{"start":1690974898310,"stop":1690974898310,"duration":0}},{"uid":"687c47bffffff29a","reportUrl":"https://MaximKrivenko.github.io/LTA_TESTS/36//#testresult/687c47bffffff29a","status":"failed","statusDetails":"AssertionError: Title is missing, HOMEPAGE IS NOT ACTIVE\nassert 'Меню' == 'Менz'\n  - Менz\n  ?    ^\n  + Меню\n  ?    ^","time":{"start":1690973696540,"stop":1690973697116,"duration":576}},{"uid":"812e02b94a8faa16","reportUrl":"https://MaximKrivenko.github.io/LTA_TESTS/35//#testresult/812e02b94a8faa16","status":"broken","statusDetails":"ValueError: There is no such driver by url https://chromedriver.storage.googleapis.com/115.0.5790/chromedriver_linux64.zip","time":{"start":1690973259080,"stop":1690973259080,"duration":0}},{"uid":"a94e75802b62a1bf","reportUrl":"https://MaximKrivenko.github.io/LTA_TESTS/34//#testresult/a94e75802b62a1bf","status":"broken","statusDetails":"selenium.common.exceptions.WebDriverException: Message: unknown error: net::ERR_CONNECTION_TIMED_OUT\n  (Session info: headless chrome=115.0.5790.110)\nStacktrace:\n#0 0x5606d2d87783 <unknown>\n#1 0x5606d2ab3917 <unknown>\n#2 0x5606d2aab989 <unknown>\n#3 0x5606d2a9af52 <unknown>\n#4 0x5606d2a9c68b <unknown>\n#5 0x5606d2a9b32d <unknown>\n#6 0x5606d2a9a2ec <unknown>\n#7 0x5606d2a9a25e <unknown>\n#8 0x5606d2a98f1a <unknown>\n#9 0x5606d2a9936a <unknown>\n#10 0x5606d2ab57d0 <unknown>\n#11 0x5606d2b2b885 <unknown>\n#12 0x5606d2b12e02 <unknown>\n#13 0x5606d2b2b0d9 <unknown>\n#14 0x5606d2b12bd3 <unknown>\n#15 0x5606d2ae6a7b <unknown>\n#16 0x5606d2ae781e <unknown>\n#17 0x5606d2d48e98 <unknown>\n#18 0x5606d2d4cd67 <unknown>\n#19 0x5606d2d5732c <unknown>\n#20 0x5606d2d4d993 <unknown>\n#21 0x5606d2d1c827 <unknown>\n#22 0x5606d2d718a8 <unknown>\n#23 0x5606d2d71a36 <unknown>\n#24 0x5606d2d805f3 <unknown>\n#25 0x7fe15aef0b43 <unknown>","time":{"start":1690972498019,"stop":1690972498019,"duration":0}},{"uid":"42adba0e2458983b","reportUrl":"https://MaximKrivenko.github.io/LTA_TESTS/33//#testresult/42adba0e2458983b","status":"broken","statusDetails":"ValueError: There is no such driver by url https://chromedriver.storage.googleapis.com/115.0.5790/chromedriver_linux64.zip","time":{"start":1690971482594,"stop":1690971482594,"duration":0}},{"uid":"35c7ba286c108035","reportUrl":"https://MaximKrivenko.github.io/LTA_TESTS/32//#testresult/35c7ba286c108035","status":"passed","time":{"start":1682507027475,"stop":1682507028081,"duration":606}},{"uid":"4d1b9249af5e29cc","reportUrl":"https://MaximKrivenko.github.io/LTA_TESTS/32//#testresult/4d1b9249af5e29cc","status":"passed","time":{"start":1682505618080,"stop":1682505618687,"duration":607}},{"uid":"556e4916a57998d3","reportUrl":"https://MaximKrivenko.github.io/LTA_TESTS/31//#testresult/556e4916a57998d3","status":"passed","time":{"start":1682503847304,"stop":1682503847907,"duration":603}},{"uid":"ec080f9d2ff2c92e","reportUrl":"https://MaximKrivenko.github.io/LTA_TESTS/30//#testresult/ec080f9d2ff2c92e","status":"passed","time":{"start":1682503284603,"stop":1682503285246,"duration":643}}]},"tags":[]},"source":"c8b6aa7394422278.json","parameterValues":[]}