{"uid":"56ddad45e0ef3a68","name":"test_homepage","fullName":"Test_Cases.test_homepage.TestHomepage#test_homepage","historyId":"f4a4792bf9e8d3e6161a1b995a675a88","time":{"start":1678792149621,"stop":1678792149621,"duration":0},"status":"broken","statusMessage":"selenium.common.exceptions.TimeoutException: Message:","statusTrace":"setup = <selenium.webdriver.chrome.webdriver.WebDriver (session=\"6a449e95b9204a944303cf699c2f449d\")>\n\n    @pytest.fixture(scope='function')\n    def authorization(setup):\n        driver = setup\n        username = driver.find_element(By.XPATH,\n                                       '/html/body/app-root/app-auth-screen/app-login-screen/form/div/lta-input[1]/label/span[2]/input')\n        username.send_keys('admin')\n        print('USERNAME PLACED')\n        password = driver.find_element(By.XPATH,\n                                       '/html/body/app-root/app-auth-screen/app-login-screen/form/div/lta-input[2]/label/span[2]/input')\n        password.send_keys('admin')\n        print('PASSWORD PLACED')\n        button_login = driver.find_element(By.XPATH,\n                                           '/html/body/app-root/app-auth-screen/app-login-screen/form/lta-btn/button')\n        button_login.click()\n        wait = WebDriverWait(driver, 20, 0.5)\n>       wait.until(ec.url_to_be('http://185.221.152.176/hmi/17'))\n\nTest_Cases/conftest.py:50: \n_ _ _ _ _ _ _ _ _ _ _ _ _ _ _ _ _ _ _ _ _ _ _ _ _ _ _ _ _ _ _ _ _ _ _ _ _ _ _ _ _ _ _ _ _ _ _ _ _ _ _ _ _ _ _ _ _ _ _ _ _ _ _ _ _ _ _ _ _ _ _ _ _ _ _ _ _ _ _ _ _ _ _ _ _ _ \n\nself = <selenium.webdriver.support.wait.WebDriverWait (session=\"6a449e95b9204a944303cf699c2f449d\")>\nmethod = <selenium.webdriver.support.expected_conditions.url_to_be object at 0x7faf97592c40>, message = ''\n\n    def until(self, method, message=''):\n        \"\"\"Calls the method provided with the driver as an argument until the \\\n        return value is not False.\"\"\"\n        screen = None\n        stacktrace = None\n    \n        end_time = time.time() + self._timeout\n        while True:\n            try:\n                value = method(self._driver)\n                if value:\n                    return value\n            except self._ignored_exceptions as exc:\n                screen = getattr(exc, 'screen', None)\n                stacktrace = getattr(exc, 'stacktrace', None)\n            time.sleep(self._poll)\n            if time.time() > end_time:\n                break\n>       raise TimeoutException(message, screen, stacktrace)\nE       selenium.common.exceptions.TimeoutException: Message:\n\n/Library/Frameworks/Python.framework/Versions/3.9/lib/python3.9/site-packages/selenium/webdriver/support/wait.py:80: TimeoutException","flaky":false,"newFailed":false,"newBroken":false,"newPassed":false,"retriesCount":0,"retriesStatusChange":false,"beforeStages":[{"name":"get_webdriver","time":{"start":1678792149623,"stop":1678792151495,"duration":1872},"status":"passed","steps":[],"attachments":[],"parameters":[],"stepsCount":0,"attachmentsCount":0,"shouldDisplayMessage":false,"hasContent":false},{"name":"get_chrome_options","time":{"start":1678792149623,"stop":1678792149623,"duration":0},"status":"passed","steps":[],"attachments":[],"parameters":[],"stepsCount":0,"attachmentsCount":0,"shouldDisplayMessage":false,"hasContent":false},{"name":"setup","time":{"start":1678792151495,"stop":1678792167227,"duration":15732},"status":"passed","steps":[],"attachments":[],"parameters":[],"stepsCount":0,"attachmentsCount":0,"shouldDisplayMessage":false,"hasContent":false},{"name":"authorization","time":{"start":1678792167227,"stop":1678792189012,"duration":21785},"status":"broken","statusMessage":"selenium.common.exceptions.TimeoutException: Message: \n\n","statusTrace":"  File \"/Library/Frameworks/Python.framework/Versions/3.9/lib/python3.9/site-packages/pluggy/_callers.py\", line 39, in _multicall\n    res = hook_impl.function(*args)\n  File \"/Library/Frameworks/Python.framework/Versions/3.9/lib/python3.9/site-packages/_pytest/fixtures.py\", line 1129, in pytest_fixture_setup\n    result = call_fixture_func(fixturefunc, request, kwargs)\n  File \"/Library/Frameworks/Python.framework/Versions/3.9/lib/python3.9/site-packages/_pytest/fixtures.py\", line 908, in call_fixture_func\n    fixture_result = fixturefunc(**kwargs)\n  File \"/Users/maksim/PycharmProjects/LTA_TESTS/Test_Cases/conftest.py\", line 50, in authorization\n    wait.until(ec.url_to_be('http://185.221.152.176/hmi/17'))\n  File \"/Library/Frameworks/Python.framework/Versions/3.9/lib/python3.9/site-packages/selenium/webdriver/support/wait.py\", line 80, in until\n    raise TimeoutException(message, screen, stacktrace)\n","steps":[],"attachments":[],"parameters":[],"stepsCount":0,"attachmentsCount":0,"shouldDisplayMessage":true,"hasContent":true}],"afterStages":[],"labels":[{"name":"parentSuite","value":"Test_Cases"},{"name":"suite","value":"test_homepage"},{"name":"subSuite","value":"TestHomepage"},{"name":"host","value":"MacBook-Pro-Maksim.local"},{"name":"thread","value":"2171-MainThread"},{"name":"framework","value":"pytest"},{"name":"language","value":"cpython3"},{"name":"package","value":"Test_Cases.test_homepage"},{"name":"resultFormat","value":"allure2"}],"parameters":[],"links":[],"hidden":true,"retry":true,"extra":{"categories":[],"tags":[]},"source":"56ddad45e0ef3a68.json","parameterValues":[]}