{"uid":"bc6f02601348118c","name":"test_homepage","fullName":"Test_Cases.test_homepage.TestHomepage#test_homepage","historyId":"f4a4792bf9e8d3e6161a1b995a675a88","time":{"start":1678792018298,"stop":1678792018298,"duration":0},"status":"broken","statusMessage":"selenium.common.exceptions.WebDriverException: Message: Service chromedriver unexpectedly exited. Status code was: -9","statusTrace":"get_chrome_options = <selenium.webdriver.chrome.options.Options object at 0x7fc1264e8400>\n\n    @pytest.fixture\n    def get_webdriver(get_chrome_options):\n        options = get_chrome_options\n>       driver = webdriver.Chrome(options=options)\n\nTest_Cases/conftest.py:24: \n_ _ _ _ _ _ _ _ _ _ _ _ _ _ _ _ _ _ _ _ _ _ _ _ _ _ _ _ _ _ _ _ _ _ _ _ _ _ _ _ _ _ _ _ _ _ _ _ _ _ _ _ _ _ _ _ _ _ _ _ _ _ _ _ _ _ _ _ _ _ _ _ _ _ _ _ _ _ _ _ _ _ _ _ _ _ \n/Library/Frameworks/Python.framework/Versions/3.9/lib/python3.9/site-packages/selenium/webdriver/chrome/webdriver.py:73: in __init__\n    self.service.start()\n/Library/Frameworks/Python.framework/Versions/3.9/lib/python3.9/site-packages/selenium/webdriver/common/service.py:98: in start\n    self.assert_process_still_running()\n_ _ _ _ _ _ _ _ _ _ _ _ _ _ _ _ _ _ _ _ _ _ _ _ _ _ _ _ _ _ _ _ _ _ _ _ _ _ _ _ _ _ _ _ _ _ _ _ _ _ _ _ _ _ _ _ _ _ _ _ _ _ _ _ _ _ _ _ _ _ _ _ _ _ _ _ _ _ _ _ _ _ _ _ _ _ \n\nself = <selenium.webdriver.chrome.service.Service object at 0x7fc1264e8670>\n\n    def assert_process_still_running(self):\n        return_code = self.process.poll()\n        if return_code is not None:\n>           raise WebDriverException(\n                'Service %s unexpectedly exited. Status code was: %s'\n                % (self.path, return_code)\n            )\nE           selenium.common.exceptions.WebDriverException: Message: Service chromedriver unexpectedly exited. Status code was: -9\n\n/Library/Frameworks/Python.framework/Versions/3.9/lib/python3.9/site-packages/selenium/webdriver/common/service.py:109: WebDriverException","flaky":false,"newFailed":false,"newBroken":false,"newPassed":false,"retriesCount":0,"retriesStatusChange":false,"beforeStages":[{"name":"get_chrome_options","time":{"start":1678792018298,"stop":1678792018299,"duration":1},"status":"passed","steps":[],"attachments":[],"parameters":[],"stepsCount":0,"attachmentsCount":0,"shouldDisplayMessage":false,"hasContent":false},{"name":"get_webdriver","time":{"start":1678792018299,"stop":1678792028356,"duration":10057},"status":"broken","statusMessage":"selenium.common.exceptions.WebDriverException: Message: Service chromedriver unexpectedly exited. Status code was: -9\n\n","statusTrace":"  File \"/Library/Frameworks/Python.framework/Versions/3.9/lib/python3.9/site-packages/pluggy/_callers.py\", line 39, in _multicall\n    res = hook_impl.function(*args)\n  File \"/Library/Frameworks/Python.framework/Versions/3.9/lib/python3.9/site-packages/_pytest/fixtures.py\", line 1129, in pytest_fixture_setup\n    result = call_fixture_func(fixturefunc, request, kwargs)\n  File \"/Library/Frameworks/Python.framework/Versions/3.9/lib/python3.9/site-packages/_pytest/fixtures.py\", line 908, in call_fixture_func\n    fixture_result = fixturefunc(**kwargs)\n  File \"/Users/maksim/PycharmProjects/LTA_TESTS/Test_Cases/conftest.py\", line 24, in get_webdriver\n    driver = webdriver.Chrome(options=options)\n  File \"/Library/Frameworks/Python.framework/Versions/3.9/lib/python3.9/site-packages/selenium/webdriver/chrome/webdriver.py\", line 73, in __init__\n    self.service.start()\n  File \"/Library/Frameworks/Python.framework/Versions/3.9/lib/python3.9/site-packages/selenium/webdriver/common/service.py\", line 98, in start\n    self.assert_process_still_running()\n  File \"/Library/Frameworks/Python.framework/Versions/3.9/lib/python3.9/site-packages/selenium/webdriver/common/service.py\", line 109, in assert_process_still_running\n    raise WebDriverException(\n","steps":[],"attachments":[],"parameters":[],"stepsCount":0,"attachmentsCount":0,"shouldDisplayMessage":true,"hasContent":true}],"afterStages":[],"labels":[{"name":"parentSuite","value":"Test_Cases"},{"name":"suite","value":"test_homepage"},{"name":"subSuite","value":"TestHomepage"},{"name":"host","value":"MacBook-Pro-Maksim.local"},{"name":"thread","value":"2036-MainThread"},{"name":"framework","value":"pytest"},{"name":"language","value":"cpython3"},{"name":"package","value":"Test_Cases.test_homepage"},{"name":"resultFormat","value":"allure2"}],"parameters":[],"links":[],"hidden":true,"retry":true,"extra":{"categories":[],"tags":[]},"source":"bc6f02601348118c.json","parameterValues":[]}