{"uid":"16fd6525a506e0c7","name":"Создание простой модели, добавление в нее компонентов, проверка и удаление","fullName":"Test_Cases.test_model.TestModel#test_model1","historyId":"ea9762191b37f571ad04b7f5ab0b1537","time":{"start":1690973704119,"stop":1690973719153,"duration":15034},"description":"Проверка работоспособности раздела 'Модели'","descriptionHtml":"<p>Проверка работоспособности раздела 'Модели'</p>\n","status":"broken","statusMessage":"selenium.common.exceptions.TimeoutException: Message: \nStacktrace:\n#0 0x5618697cd783 <unknown>\n#1 0x5618694f9917 <unknown>\n#2 0x56186953831b <unknown>\n#3 0x561869538411 <unknown>\n#4 0x561869573674 <unknown>\n#5 0x561869558e2d <unknown>\n#6 0x5618695710d9 <unknown>\n#7 0x561869558bd3 <unknown>\n#8 0x56186952ca7b <unknown>\n#9 0x56186952d81e <unknown>\n#10 0x56186978ee98 <unknown>\n#11 0x561869792d67 <unknown>\n#12 0x56186979d32c <unknown>\n#13 0x561869793993 <unknown>\n#14 0x561869762827 <unknown>\n#15 0x5618697b78a8 <unknown>\n#16 0x5618697b7a36 <unknown>\n#17 0x5618697c65f3 <unknown>\n#18 0x7fdff123bb43 <unknown>","statusTrace":"self = <Test_Cases.test_model.TestModel object at 0x7f53c5da6320>\nget_webdriver = <selenium.webdriver.chrome.webdriver.WebDriver (session=\"9397130ea6f07d6fa2109ae781570154\")>\n\n    @allure.description(\"Проверка работоспособности раздела 'Модели'\")\n    @allure.title(\"Создание простой модели, добавление в нее компонентов, проверка и удаление\")\n    def test_model1(self, get_webdriver):\n        print('Simple model component test launched...')\n        self.driver = get_webdriver\n        name = 'AutoTest_Model'\n        description = 'Тестовая модель'\n        wait = WebDriverWait(self.driver, 15, 0.5)\n>       wait.until(ec.presence_of_element_located((By.XPATH, '/html/body/app-root/app-admin-layout/div/main/app-models'\n                                                             '-page/header-layout/div/div[2]/aside-layout/div['\n                                                             '1]/lta-empty-panel/app-tree')))\n\nTest_Cases/test_model.py:98: \n_ _ _ _ _ _ _ _ _ _ _ _ _ _ _ _ _ _ _ _ _ _ _ _ _ _ _ _ _ _ _ _ _ _ _ _ _ _ _ _ \n\nself = <selenium.webdriver.support.wait.WebDriverWait (session=\"9397130ea6f07d6fa2109ae781570154\")>\nmethod = <function presence_of_element_located.<locals>._predicate at 0x7f53c5d1ed40>\nmessage = ''\n\n    def until(self, method, message: str = \"\"):\n        \"\"\"Calls the method provided with the driver as an argument until the \\\n        return value does not evaluate to ``False``.\n    \n        :param method: callable(WebDriver)\n        :param message: optional message for :exc:`TimeoutException`\n        :returns: the result of the last call to `method`\n        :raises: :exc:`selenium.common.exceptions.TimeoutException` if timeout occurs\n        \"\"\"\n        screen = None\n        stacktrace = None\n    \n        end_time = time.monotonic() + self._timeout\n        while True:\n            try:\n                value = method(self._driver)\n                if value:\n                    return value\n            except self._ignored_exceptions as exc:\n                screen = getattr(exc, \"screen\", None)\n                stacktrace = getattr(exc, \"stacktrace\", None)\n            time.sleep(self._poll)\n            if time.monotonic() > end_time:\n                break\n>       raise TimeoutException(message, screen, stacktrace)\nE       selenium.common.exceptions.TimeoutException: Message: \nE       Stacktrace:\nE       #0 0x5618697cd783 <unknown>\nE       #1 0x5618694f9917 <unknown>\nE       #2 0x56186953831b <unknown>\nE       #3 0x561869538411 <unknown>\nE       #4 0x561869573674 <unknown>\nE       #5 0x561869558e2d <unknown>\nE       #6 0x5618695710d9 <unknown>\nE       #7 0x561869558bd3 <unknown>\nE       #8 0x56186952ca7b <unknown>\nE       #9 0x56186952d81e <unknown>\nE       #10 0x56186978ee98 <unknown>\nE       #11 0x561869792d67 <unknown>\nE       #12 0x56186979d32c <unknown>\nE       #13 0x561869793993 <unknown>\nE       #14 0x561869762827 <unknown>\nE       #15 0x5618697b78a8 <unknown>\nE       #16 0x5618697b7a36 <unknown>\nE       #17 0x5618697c65f3 <unknown>\nE       #18 0x7fdff123bb43 <unknown>\n\n/opt/hostedtoolcache/Python/3.10.10/x64/lib/python3.10/site-packages/selenium/webdriver/support/wait.py:95: TimeoutException","flaky":false,"newFailed":false,"newBroken":false,"newPassed":false,"retriesCount":0,"retriesStatusChange":false,"beforeStages":[{"name":"get_chrome_options","time":{"start":1690973680802,"stop":1690973680802,"duration":0},"status":"passed","steps":[],"attachments":[],"parameters":[],"stepsCount":0,"attachmentsCount":0,"shouldDisplayMessage":false,"hasContent":false},{"name":"get_webdriver","time":{"start":1690973680802,"stop":1690973682826,"duration":2024},"status":"passed","steps":[],"attachments":[],"parameters":[],"stepsCount":0,"attachmentsCount":0,"shouldDisplayMessage":false,"hasContent":false}],"afterStages":[],"labels":[{"name":"parentSuite","value":"Test_Cases"},{"name":"suite","value":"test_model"},{"name":"subSuite","value":"TestModel"},{"name":"host","value":"fv-az615-288"},{"name":"thread","value":"2368-MainThread"},{"name":"framework","value":"pytest"},{"name":"language","value":"cpython3"},{"name":"package","value":"Test_Cases.test_model"},{"name":"resultFormat","value":"allure2"}],"parameters":[],"links":[],"hidden":false,"retry":false,"extra":{"severity":"normal","retries":[],"categories":[{"name":"Test defects","matchedStatuses":[],"flaky":false}],"history":{"statistic":{"failed":0,"broken":4,"skipped":0,"passed":6,"unknown":0,"total":10},"items":[{"uid":"8fdbb3b99c972fc6","reportUrl":"https://MaximKrivenko.github.io/LTA_TESTS/35//#testresult/8fdbb3b99c972fc6","status":"broken","statusDetails":"ValueError: There is no such driver by url https://chromedriver.storage.googleapis.com/115.0.5790/chromedriver_linux64.zip","time":{"start":1690973260146,"stop":1690973260146,"duration":0}},{"uid":"adc7baf01a92f5a6","reportUrl":"https://MaximKrivenko.github.io/LTA_TESTS/34//#testresult/adc7baf01a92f5a6","status":"broken","statusDetails":"selenium.common.exceptions.TimeoutException: Message: \nStacktrace:\n#0 0x5606d2d87783 <unknown>\n#1 0x5606d2ab3917 <unknown>\n#2 0x5606d2af231b <unknown>\n#3 0x5606d2af2411 <unknown>\n#4 0x5606d2b2d674 <unknown>\n#5 0x5606d2b12e2d <unknown>\n#6 0x5606d2b2b0d9 <unknown>\n#7 0x5606d2b12bd3 <unknown>\n#8 0x5606d2ae6a7b <unknown>\n#9 0x5606d2ae781e <unknown>\n#10 0x5606d2d48e98 <unknown>\n#11 0x5606d2d4cd67 <unknown>\n#12 0x5606d2d5732c <unknown>\n#13 0x5606d2d4d993 <unknown>\n#14 0x5606d2d1c827 <unknown>\n#15 0x5606d2d718a8 <unknown>\n#16 0x5606d2d71a36 <unknown>\n#17 0x5606d2d805f3 <unknown>\n#18 0x7fe15aef0b43 <unknown>","time":{"start":1690972630861,"stop":1690972646299,"duration":15438}},{"uid":"c886b79cf7a937b9","reportUrl":"https://MaximKrivenko.github.io/LTA_TESTS/33//#testresult/c886b79cf7a937b9","status":"broken","statusDetails":"ValueError: There is no such driver by url https://chromedriver.storage.googleapis.com/115.0.5790/chromedriver_linux64.zip","time":{"start":1690971483261,"stop":1690971483261,"duration":0}},{"uid":"d717d58c91856cf5","reportUrl":"https://MaximKrivenko.github.io/LTA_TESTS/32//#testresult/d717d58c91856cf5","status":"passed","time":{"start":1682507050034,"stop":1682507060429,"duration":10395}},{"uid":"a2b27af458db8266","reportUrl":"https://MaximKrivenko.github.io/LTA_TESTS/32//#testresult/a2b27af458db8266","status":"passed","time":{"start":1682505639503,"stop":1682505649894,"duration":10391}},{"uid":"70f65d070c843378","reportUrl":"https://MaximKrivenko.github.io/LTA_TESTS/31//#testresult/70f65d070c843378","status":"passed","time":{"start":1682503871225,"stop":1682503881457,"duration":10232}},{"uid":"eff0ea254b014193","reportUrl":"https://MaximKrivenko.github.io/LTA_TESTS/30//#testresult/eff0ea254b014193","status":"passed","time":{"start":1682503312169,"stop":1682503322724,"duration":10555}},{"uid":"3f61175da92d6d38","reportUrl":"https://MaximKrivenko.github.io/LTA_TESTS/29//#testresult/3f61175da92d6d38","status":"passed","time":{"start":1682502686785,"stop":1682502697127,"duration":10342}},{"uid":"5921703abc47c8dc","reportUrl":"https://MaximKrivenko.github.io/LTA_TESTS/28//#testresult/5921703abc47c8dc","status":"passed","time":{"start":1682500518790,"stop":1682500529275,"duration":10485}}]},"tags":[]},"source":"16fd6525a506e0c7.json","parameterValues":[]}