{"uid":"bbcbcc6bf183af51","name":"Создание сложной модели, содержащей две дочерние модели по каждой базовой модели, удаление одной из дочерних моделей, проверка и удаление сложной модели","fullName":"Test_Cases.test_model.TestModel#test_model3","historyId":"e22b3673fdbc1caa22d619bcd1316a1a","time":{"start":1690973734657,"stop":1690973750121,"duration":15464},"description":"Проверка работоспособности раздела 'Модели'","descriptionHtml":"<p>Проверка работоспособности раздела 'Модели'</p>\n","status":"broken","statusMessage":"selenium.common.exceptions.TimeoutException: Message: \nStacktrace:\n#0 0x5618697cd783 <unknown>\n#1 0x5618694f9917 <unknown>\n#2 0x56186953831b <unknown>\n#3 0x561869538411 <unknown>\n#4 0x561869573674 <unknown>\n#5 0x561869558e2d <unknown>\n#6 0x5618695710d9 <unknown>\n#7 0x561869558bd3 <unknown>\n#8 0x56186952ca7b <unknown>\n#9 0x56186952d81e <unknown>\n#10 0x56186978ee98 <unknown>\n#11 0x561869792d67 <unknown>\n#12 0x56186979d32c <unknown>\n#13 0x561869793993 <unknown>\n#14 0x561869762827 <unknown>\n#15 0x5618697b78a8 <unknown>\n#16 0x5618697b7a36 <unknown>\n#17 0x5618697c65f3 <unknown>\n#18 0x7fdff123bb43 <unknown>","statusTrace":"self = <Test_Cases.test_model.TestModel object at 0x7f53c5da5f90>\nget_webdriver = <selenium.webdriver.chrome.webdriver.WebDriver (session=\"9397130ea6f07d6fa2109ae781570154\")>\n\n    @allure.description(\"Проверка работоспособности раздела 'Модели'\")\n    @allure.title(\"Создание сложной модели, содержащей две дочерние модели по каждой базовой модели, удаление одной из дочерних моделей, проверка и удаление сложной модели\")\n    def test_model3(self, get_webdriver):\n        print('Complex model test launched...')\n        self.driver = get_webdriver\n        name = 'AutoTest_Model'\n        description = 'Тестовая модель'\n        wait = WebDriverWait(self.driver, 15, 0.5)\n    \n>       wait.until(ec.presence_of_element_located((By.XPATH, '/html/body/app-root/app-admin-layout/div/main/app-models'\n                                                             '-page/header-layout/div/div[2]/aside-layout/div['\n                                                             '1]/lta-empty-panel/app-tree')))\n\nTest_Cases/test_model.py:345: \n_ _ _ _ _ _ _ _ _ _ _ _ _ _ _ _ _ _ _ _ _ _ _ _ _ _ _ _ _ _ _ _ _ _ _ _ _ _ _ _ \n\nself = <selenium.webdriver.support.wait.WebDriverWait (session=\"9397130ea6f07d6fa2109ae781570154\")>\nmethod = <function presence_of_element_located.<locals>._predicate at 0x7f53c5acac20>\nmessage = ''\n\n    def until(self, method, message: str = \"\"):\n        \"\"\"Calls the method provided with the driver as an argument until the \\\n        return value does not evaluate to ``False``.\n    \n        :param method: callable(WebDriver)\n        :param message: optional message for :exc:`TimeoutException`\n        :returns: the result of the last call to `method`\n        :raises: :exc:`selenium.common.exceptions.TimeoutException` if timeout occurs\n        \"\"\"\n        screen = None\n        stacktrace = None\n    \n        end_time = time.monotonic() + self._timeout\n        while True:\n            try:\n                value = method(self._driver)\n                if value:\n                    return value\n            except self._ignored_exceptions as exc:\n                screen = getattr(exc, \"screen\", None)\n                stacktrace = getattr(exc, \"stacktrace\", None)\n            time.sleep(self._poll)\n            if time.monotonic() > end_time:\n                break\n>       raise TimeoutException(message, screen, stacktrace)\nE       selenium.common.exceptions.TimeoutException: Message: \nE       Stacktrace:\nE       #0 0x5618697cd783 <unknown>\nE       #1 0x5618694f9917 <unknown>\nE       #2 0x56186953831b <unknown>\nE       #3 0x561869538411 <unknown>\nE       #4 0x561869573674 <unknown>\nE       #5 0x561869558e2d <unknown>\nE       #6 0x5618695710d9 <unknown>\nE       #7 0x561869558bd3 <unknown>\nE       #8 0x56186952ca7b <unknown>\nE       #9 0x56186952d81e <unknown>\nE       #10 0x56186978ee98 <unknown>\nE       #11 0x561869792d67 <unknown>\nE       #12 0x56186979d32c <unknown>\nE       #13 0x561869793993 <unknown>\nE       #14 0x561869762827 <unknown>\nE       #15 0x5618697b78a8 <unknown>\nE       #16 0x5618697b7a36 <unknown>\nE       #17 0x5618697c65f3 <unknown>\nE       #18 0x7fdff123bb43 <unknown>\n\n/opt/hostedtoolcache/Python/3.10.10/x64/lib/python3.10/site-packages/selenium/webdriver/support/wait.py:95: TimeoutException","flaky":false,"newFailed":false,"newBroken":false,"newPassed":false,"retriesCount":0,"retriesStatusChange":false,"beforeStages":[{"name":"get_chrome_options","time":{"start":1690973680802,"stop":1690973680802,"duration":0},"status":"passed","steps":[],"attachments":[],"parameters":[],"stepsCount":0,"attachmentsCount":0,"shouldDisplayMessage":false,"hasContent":false},{"name":"get_webdriver","time":{"start":1690973680802,"stop":1690973682826,"duration":2024},"status":"passed","steps":[],"attachments":[],"parameters":[],"stepsCount":0,"attachmentsCount":0,"shouldDisplayMessage":false,"hasContent":false}],"afterStages":[],"labels":[{"name":"parentSuite","value":"Test_Cases"},{"name":"suite","value":"test_model"},{"name":"subSuite","value":"TestModel"},{"name":"host","value":"fv-az615-288"},{"name":"thread","value":"2368-MainThread"},{"name":"framework","value":"pytest"},{"name":"language","value":"cpython3"},{"name":"package","value":"Test_Cases.test_model"},{"name":"resultFormat","value":"allure2"}],"parameters":[],"links":[],"hidden":false,"retry":false,"extra":{"severity":"normal","retries":[],"categories":[{"name":"Test defects","matchedStatuses":[],"flaky":false}],"history":{"statistic":{"failed":0,"broken":4,"skipped":0,"passed":6,"unknown":0,"total":10},"items":[{"uid":"43ebbfae4a4a2741","reportUrl":"https://MaximKrivenko.github.io/LTA_TESTS/35//#testresult/43ebbfae4a4a2741","status":"broken","statusDetails":"ValueError: There is no such driver by url https://chromedriver.storage.googleapis.com/115.0.5790/chromedriver_linux64.zip","time":{"start":1690973260172,"stop":1690973260172,"duration":0}},{"uid":"af625f6bd3fd1305","reportUrl":"https://MaximKrivenko.github.io/LTA_TESTS/34//#testresult/af625f6bd3fd1305","status":"broken","statusDetails":"selenium.common.exceptions.TimeoutException: Message: \nStacktrace:\n#0 0x5606d2d87783 <unknown>\n#1 0x5606d2ab3917 <unknown>\n#2 0x5606d2af231b <unknown>\n#3 0x5606d2af2411 <unknown>\n#4 0x5606d2b2d674 <unknown>\n#5 0x5606d2b12e2d <unknown>\n#6 0x5606d2b2b0d9 <unknown>\n#7 0x5606d2b12bd3 <unknown>\n#8 0x5606d2ae6a7b <unknown>\n#9 0x5606d2ae781e <unknown>\n#10 0x5606d2d48e98 <unknown>\n#11 0x5606d2d4cd67 <unknown>\n#12 0x5606d2d5732c <unknown>\n#13 0x5606d2d4d993 <unknown>\n#14 0x5606d2d1c827 <unknown>\n#15 0x5606d2d718a8 <unknown>\n#16 0x5606d2d71a36 <unknown>\n#17 0x5606d2d805f3 <unknown>\n#18 0x7fe15aef0b43 <unknown>","time":{"start":1690972661776,"stop":1690972677203,"duration":15427}},{"uid":"8d31529345d25c7","reportUrl":"https://MaximKrivenko.github.io/LTA_TESTS/33//#testresult/8d31529345d25c7","status":"broken","statusDetails":"ValueError: There is no such driver by url https://chromedriver.storage.googleapis.com/115.0.5790/chromedriver_linux64.zip","time":{"start":1690971483282,"stop":1690971483282,"duration":0}},{"uid":"f8c97084590df27b","reportUrl":"https://MaximKrivenko.github.io/LTA_TESTS/32//#testresult/f8c97084590df27b","status":"passed","time":{"start":1682507088543,"stop":1682507107211,"duration":18668}},{"uid":"d56a470da41d7a96","reportUrl":"https://MaximKrivenko.github.io/LTA_TESTS/32//#testresult/d56a470da41d7a96","status":"passed","time":{"start":1682505677699,"stop":1682505696121,"duration":18422}},{"uid":"530c5874b67a83d0","reportUrl":"https://MaximKrivenko.github.io/LTA_TESTS/31//#testresult/530c5874b67a83d0","status":"passed","time":{"start":1682503910930,"stop":1682503929573,"duration":18643}},{"uid":"f9e1109105931678","reportUrl":"https://MaximKrivenko.github.io/LTA_TESTS/30//#testresult/f9e1109105931678","status":"passed","time":{"start":1682503356628,"stop":1682503376276,"duration":19648}},{"uid":"4c0deeb3d195baf","reportUrl":"https://MaximKrivenko.github.io/LTA_TESTS/29//#testresult/4c0deeb3d195baf","status":"passed","time":{"start":1682502724944,"stop":1682502743162,"duration":18218}},{"uid":"2d2cd9bc06ef78cb","reportUrl":"https://MaximKrivenko.github.io/LTA_TESTS/28//#testresult/2d2cd9bc06ef78cb","status":"passed","time":{"start":1682500557376,"stop":1682500576335,"duration":18959}}]},"tags":[]},"source":"bbcbcc6bf183af51.json","parameterValues":[]}